Set parameter TSPort to value 4195
Set parameter TokenServer to value "license1.cc.dtu.dk"
Gurobi Optimizer version 9.5.0 build v9.5.0rc5 (linux64)
Thread count: 24 physical cores, 24 logical processors, using up to 24 threads
Optimize a model with 8628455 rows, 5400325 columns and 21423040 nonzeros
Model fingerprint: 0xaaa4a7a8
Variable types: 4820760 continuous, 579565 integer (579565 binary)
Coefficient statistics:
  Matrix range     [5e-01, 1e+09]
  Objective range  [8e-01, 4e+06]
  Bounds range     [0e+00, 0e+00]
  RHS range        [6e-04, 1e+09]
Warning: Model contains large matrix coefficients
         Consider reformulating model or setting NumericFocus parameter
         to avoid numerical issues.
Presolve removed 1881135 rows and 999145 columns (presolve time = 5s) ...
Presolve removed 1882759 rows and 1001501 columns (presolve time = 10s) ...
Presolve removed 1884612 rows and 1004414 columns (presolve time = 15s) ...
Presolve removed 1886770 rows and 1004462 columns (presolve time = 20s) ...
Presolve removed 1886811 rows and 1004510 columns (presolve time = 25s) ...
Presolve removed 1886811 rows and 1004516 columns (presolve time = 30s) ...
Presolve removed 1886811 rows and 1004532 columns (presolve time = 36s) ...
Presolve removed 1886811 rows and 3167388 columns (presolve time = 1055s) ...
Presolve removed 5194311 rows and 3167388 columns
Presolve time: 1057.10s
Presolved: 3434144 rows, 2232937 columns, 9430422 nonzeros
Variable types: 1946929 continuous, 286008 integer (286008 binary)

Deterministic concurrent LP optimizer: primal simplex, dual simplex, and barrier
Showing barrier log only...

Root barrier log...

Elapsed ordering time = 9s
Elapsed ordering time = 10s
Ordering time: 38.96s

Barrier statistics:
 Dense cols : 1480
 AA' NZ     : 9.238e+06
 Factor NZ  : 1.032e+08 (roughly 3.0 GB of memory)
 Factor Ops : 1.570e+11 (roughly 1 second per iteration)
 Threads    : 21

                  Objective                Residual
Iter       Primal          Dual         Primal    Dual     Compl     Time
   0   4.63965644e+18 -6.97552132e+20  2.40e+09 3.70e+04  1.09e+15  1142s
   1   4.00303845e+18 -5.41220554e+20  1.03e+09 2.70e+05  3.62e+14  1150s
   2   3.04874640e+18 -3.48623326e+20  7.14e+08 1.10e+04  1.93e+14  1161s
   3   1.73126128e+18 -1.64151526e+20  2.07e+08 1.74e+06  5.54e+13  1174s
   4   1.37735377e+18 -9.12280003e+19  8.10e+07 5.72e+05  2.44e+13  1184s
   5   9.22233959e+17 -8.10427041e+19  5.39e+07 5.04e+05  1.93e+13  1189s
   6   8.49622912e+17 -4.96163972e+19  3.30e+07 2.99e+05  1.18e+13  1196s
   7   7.74647553e+17 -3.67954521e+19  2.10e+07 2.22e+05  8.42e+12  1201s
   8   6.01670459e+17 -2.57208688e+19  1.39e+07 1.52e+05  5.92e+12  1206s
   9   5.13236416e+17 -1.73641897e+19  8.64e+06 1.02e+05  4.00e+12  1213s
  10   4.66602587e+17 -9.50988948e+18  6.42e+06 5.93e+04  2.54e+12  1219s
  11   4.14472175e+17 -7.68970318e+18  4.72e+06 4.97e+04  2.01e+12  1223s
  12   3.62528750e+17 -5.78347722e+18  3.41e+06 3.92e+04  1.52e+12  1227s
  13   3.15880998e+17 -3.36407602e+18  2.53e+06 2.51e+04  1.03e+12  1233s
  14   2.41704881e+17 -2.49616277e+18  1.67e+06 1.91e+04  7.36e+11  1241s
  15   1.74617540e+17 -1.51827534e+18  1.06e+06 1.21e+04  4.68e+11  1249s
  16   1.14794672e+17 -8.82601239e+17  5.93e+05 7.21e+03  2.73e+11  1258s
  17   7.27618058e+16 -5.62396289e+17  3.35e+05 4.63e+03  1.67e+11  1265s
  18   6.08822618e+16 -4.22128667e+17  2.69e+05 3.52e+03  1.30e+11  1270s
  19   4.13582985e+16 -3.11406865e+17  1.68e+05 2.62e+03  8.93e+10  1273s
  20   2.74095262e+16 -1.78512055e+17  1.03e+05 1.49e+03  5.34e+10  1277s
  21   1.79402616e+16 -1.14706525e+17  6.53e+04 9.51e+02  3.44e+10  1281s
  22   1.09100421e+16 -6.77928962e+16  3.88e+04 5.54e+02  2.05e+10  1284s
  23   5.15686649e+15 -3.59488845e+16  1.77e+04 2.89e+02  1.03e+10  1288s
  24   2.04792411e+15 -1.84290432e+16  6.15e+03 1.43e+02  4.56e+09  1291s
  25   7.20626190e+14 -6.39550775e+15  1.86e+03 5.01e+01  1.53e+09  1294s
  26   3.22394537e+14 -2.94894821e+15  7.22e+02 2.05e+01  6.74e+08  1299s
  27   1.72125498e+14 -1.30522374e+15  3.30e+02 7.87e+00  3.07e+08  1302s
  28   8.19905243e+13 -4.64734244e+14  1.38e+02 9.04e+00  1.17e+08  1306s
  29   4.39735566e+13 -2.00200470e+14  6.83e+01 9.45e+00  5.35e+07  1310s
  30   1.62318037e+13 -4.43129180e+13  2.37e+01 1.62e+01  1.44e+07  1315s
  31   6.04797356e+12 -1.06296511e+13  7.74e+00 2.05e+01  3.96e+06  1320s
  32   2.61690888e+12 -5.37248450e+12  3.13e+00 8.03e+00  1.67e+06  1326s
  33   1.96331569e+12 -3.48264360e+12  2.27e+00 5.08e+00  1.07e+06  1329s
  34   1.33472470e+12 -2.30658532e+12  1.44e+00 3.15e+00  6.68e+05  1334s
  35   9.76485014e+11 -1.63663100e+12  9.80e-01 2.57e+00  4.59e+05  1339s
  36   7.27538135e+11 -1.07282130e+12  6.52e-01 1.67e+00  3.06e+05  1346s
  37   6.28823634e+11 -7.45539432e+11  5.29e-01 1.18e+00  2.30e+05  1354s
  38   5.29528896e+11 -5.60527340e+11  4.10e-01 9.15e-01  1.80e+05  1364s
  39   4.63047622e+11 -3.73420853e+11  3.32e-01 6.51e-01  1.37e+05  1373s
  40   3.97406250e+11 -2.87000919e+11  2.59e-01 5.34e-01  1.11e+05  1380s
  41   3.34216559e+11 -2.05897135e+11  1.89e-01 4.26e-01  8.69e+04  1389s
  42   3.05027190e+11 -1.55238072e+11  1.58e-01 3.60e-01  7.38e+04  1400s
  43   2.67440480e+11 -9.75444019e+10  1.19e-01 2.83e-01  5.83e+04  1411s
  44   2.52018167e+11 -4.69077463e+10  1.05e-01 1.90e-01  4.76e+04  1421s
  45   2.24116305e+11 -2.00748598e+10  7.93e-02 1.48e-01  3.88e+04  1430s
  46   2.15587637e+11 -4.21163452e+09  7.28e-02 1.27e-01  3.49e+04  1441s
  47   1.94952467e+11  1.42844725e+10  5.68e-02 1.01e-01  2.87e+04  1448s
  48   1.77319229e+11  2.69106092e+10  4.44e-02 8.19e-02  2.39e+04  1455s
  49   1.57477847e+11  3.49948497e+10  3.13e-02 6.91e-02  1.94e+04  1463s
  50   1.47781735e+11  3.96260431e+10  2.54e-02 6.19e-02  1.71e+04  1471s
  51   1.37245541e+11  4.43079486e+10  2.03e-02 5.39e-02  1.47e+04  1478s
  52   1.28575356e+11  4.72673917e+10  1.74e-02 4.86e-02  1.29e+04  1485s
  53   1.22259343e+11  5.07225188e+10  1.53e-02 4.22e-02  1.13e+04  1493s
  54   1.15683979e+11  5.43276300e+10  1.32e-02 3.55e-02  9.72e+03  1499s
  55   1.09349602e+11  5.71290897e+10  1.12e-02 3.02e-02  8.27e+03  1505s
  56   1.04915786e+11  5.93224163e+10  9.75e-03 2.61e-02  7.22e+03  1511s
  57   1.00369046e+11  6.24297072e+10  8.31e-03 2.02e-02  6.01e+03  1521s
  58   9.46068666e+10  6.29356154e+10  6.51e-03 1.93e-02  5.01e+03  1528s
  59   9.35589626e+10  6.43136361e+10  6.18e-03 1.68e-02  4.63e+03  1537s
  60   8.98539494e+10  6.50034980e+10  5.01e-03 1.56e-02  3.93e+03  1544s
  61   8.88780388e+10  6.65339121e+10  4.68e-03 1.30e-02  3.54e+03  1552s
  62   8.74320501e+10  6.77062482e+10  4.21e-03 1.10e-02  3.12e+03  1557s
  63   8.46787974e+10  6.82672979e+10  3.32e-03 1.00e-02  2.60e+03  1564s
  64   8.34132757e+10  6.93266242e+10  2.91e-03 8.30e-03  2.23e+03  1573s
  65   8.21590070e+10  6.99965328e+10  2.49e-03 7.26e-03  1.92e+03  1579s
  66   8.17844391e+10  7.03395350e+10  2.36e-03 6.75e-03  1.81e+03  1586s
  67   8.08414642e+10  7.12240157e+10  2.01e-03 5.49e-03  1.52e+03  1593s
  68   8.00808617e+10  7.20058289e+10  1.73e-03 4.39e-03  1.28e+03  1600s
  69   7.98592580e+10  7.22814814e+10  1.65e-03 4.01e-03  1.20e+03  1606s
  70   7.90540494e+10  7.28724521e+10  1.37e-03 3.17e-03  9.79e+02  1613s
  71   7.82769296e+10  7.30716634e+10  1.10e-03 2.86e-03  8.24e+02  1618s
  72   7.77290152e+10  7.34645131e+10  9.13e-04 2.28e-03  6.75e+02  1628s
  73   7.73504571e+10  7.37442444e+10  7.83e-04 1.88e-03  5.71e+02  1635s
  74   7.70296304e+10  7.38987581e+10  6.71e-04 1.67e-03  4.96e+02  1644s
  75   7.69087189e+10  7.39934119e+10  6.28e-04 1.54e-03  4.61e+02  1652s
  76   7.68245247e+10  7.40480981e+10  5.98e-04 1.46e-03  4.39e+02  1657s
  77   7.66290699e+10  7.41560740e+10  5.26e-04 1.32e-03  3.91e+02  1664s
  78   7.65526115e+10  7.42803417e+10  4.98e-04 1.15e-03  3.60e+02  1670s
  79   7.63750363e+10  7.43318501e+10  4.34e-04 1.09e-03  3.23e+02  1679s
  80   7.62749917e+10  7.43973138e+10  3.98e-04 1.00e-03  2.97e+02  1687s
  81   7.62375108e+10  7.44507921e+10  3.84e-04 9.30e-04  2.83e+02  1696s
  82   7.61588132e+10  7.45050328e+10  3.56e-04 8.59e-04  2.62e+02  1704s
  83   7.61153030e+10  7.45407532e+10  3.40e-04 8.12e-04  2.49e+02  1711s
  84   7.60653679e+10  7.45737146e+10  3.22e-04 7.69e-04  2.36e+02  1717s
  85   7.60070214e+10  7.46011364e+10  3.02e-04 7.33e-04  2.23e+02  1726s
  86   7.59388691e+10  7.46269993e+10  2.78e-04 6.98e-04  2.08e+02  1734s
  87   7.59078745e+10  7.46645998e+10  2.67e-04 6.48e-04  1.97e+02  1742s
  88   7.58580783e+10  7.46893624e+10  2.49e-04 6.14e-04  1.85e+02  1750s
  89   7.58148760e+10  7.47213190e+10  2.34e-04 5.70e-04  1.73e+02  1758s
  90   7.58017776e+10  7.47388050e+10  2.30e-04 5.45e-04  1.68e+02  1766s
  91   7.57812965e+10  7.47577953e+10  2.23e-04 5.18e-04  1.62e+02  1771s
  92   7.57584985e+10  7.47744633e+10  2.15e-04 4.94e-04  1.56e+02  1780s
  93   7.57251913e+10  7.47924413e+10  2.04e-04 4.69e-04  1.48e+02  1789s
  94   7.56935353e+10  7.48109247e+10  1.93e-04 4.42e-04  1.40e+02  1797s
  95   7.56773223e+10  7.48197162e+10  1.88e-04 4.29e-04  1.36e+02  1806s
  96   7.56619070e+10  7.48359347e+10  1.83e-04 4.06e-04  1.31e+02  1814s
  97   7.56216019e+10  7.48589409e+10  1.69e-04 3.71e-04  1.21e+02  1822s
  98   7.55961778e+10  7.48734581e+10  1.61e-04 3.50e-04  1.14e+02  1828s
  99   7.55850210e+10  7.48882990e+10  1.57e-04 3.28e-04  1.10e+02  1835s
 100   7.55616096e+10  7.48980713e+10  1.49e-04 3.14e-04  1.05e+02  1841s
 101   7.55299211e+10  7.49062407e+10  1.38e-04 3.02e-04  9.87e+01  1846s
 102   7.55038503e+10  7.49189989e+10  1.29e-04 2.84e-04  9.26e+01  1855s
 103   7.54921255e+10  7.49251924e+10  1.26e-04 2.75e-04  8.97e+01  1865s
 104   7.54690755e+10  7.49362949e+10  1.18e-04 2.59e-04  8.43e+01  1871s
 105   7.54460800e+10  7.49469606e+10  1.10e-04 2.44e-04  7.90e+01  1878s
 106   7.54299300e+10  7.49587153e+10  1.05e-04 2.27e-04  7.46e+01  1886s
 107   7.54179483e+10  7.49683704e+10  1.01e-04 2.13e-04  7.12e+01  1891s
 108   7.54005356e+10  7.49739483e+10  9.47e-05 2.06e-04  6.75e+01  1897s
 109   7.53849626e+10  7.49823125e+10  8.95e-05 1.94e-04  6.37e+01  1905s
 110   7.53677584e+10  7.49893779e+10  8.37e-05 1.83e-04  5.99e+01  1912s
 111   7.53644670e+10  7.49967821e+10  8.26e-05 1.72e-04  5.82e+01  1920s
 112   7.53478538e+10  7.50018448e+10  7.72e-05 1.65e-04  5.48e+01  1927s
 113   7.53301093e+10  7.50077276e+10  7.14e-05 1.56e-04  5.10e+01  1936s
 114   7.53243476e+10  7.50154751e+10  6.94e-05 1.44e-04  4.89e+01  1944s
 115   7.53117455e+10  7.50243039e+10  6.53e-05 1.30e-04  4.55e+01  1953s
 116   7.52996402e+10  7.50317925e+10  6.14e-05 1.18e-04  4.24e+01  1961s
 117   7.52853660e+10  7.50393346e+10  5.69e-05 1.06e-04  3.90e+01  1970s
 118   7.52751860e+10  7.50423421e+10  5.36e-05 1.02e-04  3.69e+01  1979s
 119   7.52703293e+10  7.50446763e+10  5.21e-05 9.79e-05  3.57e+01  1985s
 120   7.52572661e+10  7.50514333e+10  4.79e-05 8.71e-05  3.26e+01  1992s
 121   7.52524331e+10  7.50541466e+10  4.64e-05 8.26e-05  3.14e+01  1999s
 122   7.52423320e+10  7.50606622e+10  4.32e-05 7.20e-05  2.88e+01  2007s
 123   7.52309354e+10  7.50634169e+10  3.96e-05 6.73e-05  2.65e+01  2015s
 124   7.52249917e+10  7.50655086e+10  3.78e-05 6.37e-05  2.53e+01  2021s
 125   7.52135190e+10  7.50668608e+10  3.42e-05 6.15e-05  2.32e+01  2029s
 126   7.52073354e+10  7.50690009e+10  3.22e-05 5.80e-05  2.19e+01  2036s
 127   7.52020233e+10  7.50715061e+10  3.06e-05 5.39e-05  2.07e+01  2045s
 128   7.51954051e+10  7.50736869e+10  2.85e-05 5.04e-05  1.93e+01  2052s
 129   7.51896118e+10  7.50760871e+10  2.67e-05 4.64e-05  1.80e+01  2061s
 130   7.51848859e+10  7.50780267e+10  2.52e-05 4.33e-05  1.69e+01  2069s
 131   7.51809441e+10  7.50788158e+10  2.39e-05 4.20e-05  1.62e+01  2077s
 132   7.51762165e+10  7.50806353e+10  2.25e-05 3.90e-05  1.51e+01  2086s
 133   7.51722242e+10  7.50826267e+10  2.12e-05 3.57e-05  1.42e+01  2092s
 134   7.51652827e+10  7.50849755e+10  1.90e-05 3.18e-05  1.27e+01  2100s
 135   7.51632565e+10  7.50855946e+10  1.84e-05 3.08e-05  1.23e+01  2105s
 136   7.51578763e+10  7.50863581e+10  1.67e-05 2.96e-05  1.13e+01  2113s
 137   7.51535627e+10  7.50884010e+10  1.53e-05 2.60e-05  1.03e+01  2120s
 138   7.51509433e+10  7.50886931e+10  1.45e-05 2.55e-05  9.86e+00  2127s
 139   7.51436179e+10  7.50903141e+10  1.22e-05 2.26e-05  8.44e+00  2137s
 140   7.51417808e+10  7.50908205e+10  1.16e-05 2.17e-05  8.07e+00  2144s
 141   7.51366360e+10  7.50923263e+10  1.01e-05 1.93e-05  7.01e+00  2151s
 142   7.51320379e+10  7.50940174e+10  8.61e-06 1.63e-05  6.02e+00  2161s
 143   7.51291975e+10  7.50947137e+10  7.70e-06 1.52e-05  5.46e+00  2169s
 144   7.51271518e+10  7.50958978e+10  7.04e-06 1.34e-05  4.95e+00  2176s
 145   7.51244616e+10  7.50967949e+10  6.21e-06 1.20e-05  4.38e+00  2183s
 146   7.51221718e+10  7.50975207e+10  5.50e-06 1.08e-05  3.90e+00  2189s
 147   7.51197406e+10  7.50982571e+10  4.72e-06 9.60e-06  3.40e+00  2194s
 148   7.51166297e+10  7.50991063e+10  3.76e-06 7.99e-06  2.77e+00  2201s
 149   7.51151003e+10  7.51007826e+10  3.29e-06 5.43e-06  2.27e+00  2208s
 150   7.51113009e+10  7.51015118e+10  2.31e-05 4.18e-06  1.55e+00  2215s
 151   7.51105624e+10  7.51020823e+10  2.07e-05 3.29e-06  1.34e+00  2222s
 152   7.51088243e+10  7.51024827e+10  1.72e-05 2.43e-06  1.00e+00  2231s
 153   7.51080153e+10  7.51028323e+10  1.43e-05 1.92e-06  8.20e-01  2243s
 154   7.51071181e+10  7.51031487e+10  9.74e-06 1.32e-06  6.28e-01  2254s
 155   7.51059285e+10  7.51034783e+10  5.89e-06 6.89e-07  3.88e-01  2264s
 156   7.51051142e+10  7.51037358e+10  3.17e-06 2.91e-07  2.18e-01  2273s
 157   7.51046753e+10  7.51037908e+10  2.04e-06 2.01e-07  1.40e-01  2284s
 158   7.51044508e+10  7.51038423e+10  1.44e-06 1.42e-07  9.64e-02  2291s
 159   7.51043612e+10  7.51038527e+10  1.20e-06 1.30e-07  8.05e-02  2302s
 160   7.51043217e+10  7.51038551e+10  1.10e-06 1.01e-07  7.39e-02  2314s
 161   7.51042401e+10  7.51038646e+10  1.50e-06 8.94e-08  5.95e-02  2327s
 162   7.51041536e+10  7.51038715e+10  5.03e-06 1.15e-07  4.47e-02  2340s
 163   7.51041304e+10  7.51038771e+10  9.37e-06 7.45e-08  4.01e-02  2351s
 164   7.51041180e+10  7.51038793e+10  2.11e-05 7.82e-08  3.78e-02  2363s
 165   7.51041051e+10  7.51038800e+10  2.10e-05 6.71e-08  3.56e-02  2373s
 166   7.51040956e+10  7.51038818e+10  2.09e-05 8.94e-08  3.39e-02  2388s
 167   7.51040716e+10  7.51038847e+10  2.05e-05 8.94e-08  2.96e-02  2400s
 168   7.51040637e+10  7.51038861e+10  1.95e-05 8.57e-08  2.81e-02  2411s
 169   7.51040171e+10  7.51038923e+10  1.74e-05 1.19e-07  1.98e-02  2422s
 170   7.51039777e+10  7.51039002e+10  1.39e-05 9.69e-08  1.23e-02  2434s
 171   7.51039637e+10  7.51039009e+10  2.28e-05 1.04e-07  9.94e-03  2445s
 172   7.51039588e+10  7.51039013e+10  4.42e-05 1.04e-07  9.11e-03  2458s
 173   7.51039539e+10  7.51039013e+10  6.08e-05 9.69e-08  8.33e-03  2470s
 174   7.51039400e+10  7.51039023e+10  2.25e-05 9.69e-08  5.98e-03  2482s
 175   7.51039247e+10  7.51039033e+10  1.86e-05 8.57e-08  3.38e-03  2494s
 176   7.51039183e+10  7.51039037e+10  1.26e-05 7.82e-08  2.31e-03  2503s
 177   7.51039130e+10  7.51039042e+10  7.67e-06 1.01e-07  1.39e-03  2510s
 178   7.51039101e+10  7.51039044e+10  4.94e-06 9.69e-08  8.95e-04  2519s
 179   7.51039083e+10  7.51039045e+10  3.19e-06 1.01e-07  5.95e-04  2525s
 180   7.51039070e+10  7.51039046e+10  2.03e-06 7.08e-08  3.86e-04  2532s
 181   7.51039062e+10  7.51039047e+10  1.25e-06 6.33e-08  2.42e-04  2539s
 182   7.51039057e+10  7.51039047e+10  7.71e-07 1.30e-07  1.50e-04  2547s
 183   7.51039052e+10  7.51039047e+10  4.04e-07 7.45e-08  7.52e-05  2555s
 184   7.51039050e+10  7.51039048e+10  2.27e-07 1.23e-07  4.08e-05  2560s

Barrier solved model in 184 iterations and 2560.11 seconds (916.77 work units)
Optimal objective 7.51039050e+10


Root crossover log...

 2711203 DPushes remaining with DInf 1.6332120e-01              2562s
  442238 DPushes remaining with DInf 0.0000000e+00              2566s
   25110 DPushes remaining with DInf 0.0000000e+00              2570s
       0 DPushes remaining with DInf 0.0000000e+00              2574s

   56740 PPushes remaining with PInf 2.8101397e-01              2575s
   33664 PPushes remaining with PInf 2.0481278e+01              2576s
       0 PPushes remaining with PInf 7.1973228e+00              2582s

  Push phase complete: Pinf 7.1973228e+00, Dinf 3.8116513e+02   2582s


Root simplex log...

Iteration    Objective       Primal Inf.    Dual Inf.      Time
  939947    7.5103905e+10   0.000000e+00   3.811651e+02   2583s
  941942    7.5103905e+10   1.715119e+00   0.000000e+00   2586s
  941956    7.5103905e+10   0.000000e+00   0.000000e+00   2588s
  941956    7.5103905e+10   0.000000e+00   2.896193e+04   2590s
  941958    7.5103905e+10   0.000000e+00   0.000000e+00   2591s
Extra simplex iterations after uncrush: 2
Concurrent spin time: 0.01s

Solved with barrier

Root relaxation: objective 7.510390e+10, 941958 iterations, 1512.04 seconds (513.57 work units)
Total elapsed time = 2627.12s

    Nodes    |    Current Node    |     Objective Bounds      |     Work
 Expl Unexpl |  Obj  Depth IntInf | Incumbent    BestBd   Gap | It/Node Time

*    0     0               0    7.510390e+10 7.5104e+10  0.00%     - 2635s

Explored 1 nodes (1005010 simplex iterations) in 2635.59 seconds (992.74 work units)
Thread count was 24 (of 24 available processors)

Solution count 1: 7.51039e+10 

Optimal solution found (tolerance 1.00e-04)
Best objective 7.510390479707e+10, best bound 7.510390479707e+10, gap 0.0000%

User-callback calls 49924, time in user-callback 0.19 sec

Objective value: 75103904797.068
Energy capacity invested:
2-dimensional DenseAxisArray{Float64,2,...} with index sets:
    Dimension 1, [11.0, 12.0, 13.0, 14.0, 15.0, 16.0, 17.0, 18.0, 19.0, 20.0  …  324.0, 325.0, 326.0, 327.0, 335.0, 336.0, 337.0, 338.0, 339.0, 340.0]
    Dimension 2, [1, 2, 3, 4, 5]
And data, a 289×5 Array{Float64,2}:
   0.0                0.0    0.0               0.0  0.0
   0.0                0.0    0.0               0.0  0.0
   0.0                0.0    0.0               0.0  0.0
   0.0                0.0    0.0               0.0  0.0
   0.0                0.0    0.0               0.0  0.0
   0.0                0.0    0.0               0.0  0.0
   0.0                0.0    0.0               0.0  0.0
   0.0                0.0    0.0               0.0  0.0
   0.0                0.0    0.0               0.0  0.0
   0.0                0.0    0.0               0.0  0.0
   0.0                0.0    0.0               0.0  0.0
   0.0                0.0    0.0               0.0  0.0
   0.0                0.0    0.0               0.0  0.0
   0.0                0.0    0.0               0.0  0.0
   0.0                0.0    0.0               0.0  0.0
   0.0                0.0    0.0               0.0  0.0
   0.0                0.0    0.0               0.0  0.0
   0.0                0.0    0.0               0.0  0.0
   0.0                0.0    0.0               0.0  0.0
   0.0                0.0    0.0               0.0  0.0
   0.0                0.0    0.0               0.0  0.0
   0.0                0.0    0.0               0.0  0.0
   0.0                0.0    0.0               0.0  0.0
   0.0                0.0    0.0               0.0  0.0
   0.0                0.0    0.0               0.0  0.0
   0.0                0.0    0.0               0.0  0.0
   0.0                0.0    0.0               0.0  0.0
   0.0                0.0    0.0               0.0  0.0
   0.0                0.0    0.0               0.0  0.0
   0.0                0.0    0.0               0.0  0.0
   0.0                0.0    0.0               0.0  0.0
   0.0                0.0    0.0               0.0  0.0
   0.0                0.0    0.0               0.0  0.0
   0.0                0.0    0.0               0.0  0.0
   0.0                0.0    0.0               0.0  0.0
   0.0                0.0    0.0               0.0  0.0
   0.0                0.0    0.0               0.0  0.0
   0.0                0.0    0.0               0.0  0.0
   0.0                0.0    0.0               0.0  0.0
   0.0                0.0    0.0               0.0  0.0
   0.0                0.0    0.0               0.0  0.0
   0.0                0.0    0.0               0.0  0.0
   0.0                0.0    0.0               0.0  0.0
   0.0                0.0    0.0               0.0  0.0
   0.0                0.0    0.0               0.0  0.0
   0.0                0.0    0.0               0.0  0.0
   0.0                0.0    0.0               0.0  0.0
   0.0                0.0    0.0               0.0  0.0
   0.0                0.0    0.0               0.0  0.0
   0.0                0.0    0.0               0.0  0.0
   0.0                0.0    0.0               0.0  0.0
   0.0                0.0    0.0               0.0  0.0
   0.0                0.0    0.0               0.0  0.0
   0.0                0.0    0.0               0.0  0.0
   0.0                0.0    0.0               0.0  0.0
   0.0                0.0    0.0               0.0  0.0
   0.0                0.0    0.0               0.0  0.0
   0.0                0.0    0.0               0.0  0.0
   0.0                0.0    0.0               0.0  0.0
   0.0                0.0    0.0               0.0  0.0
   0.0                0.0    0.0               0.0  0.0
   0.0                0.0    0.0               0.0  0.0
   0.0                0.0    0.0               0.0  0.0
   0.0                0.0    0.0               0.0  0.0
   0.0                0.0    0.0               0.0  0.0
   0.0                0.0    0.0               0.0  0.0
   0.0                0.0    0.0               0.0  0.0
   0.0                0.0    0.0               0.0  0.0
   0.0                0.0    0.0               0.0  0.0
   0.0                0.0    0.0               0.0  0.0
   0.0                0.0    0.0               0.0  0.0
   0.0                0.0    0.0               0.0  0.0
   0.0                0.0    0.0               0.0  0.0
   0.0                0.0    0.0               0.0  0.0
   0.0                0.0    0.0               0.0  0.0
   0.0                0.0    0.0               0.0  0.0
   0.0                0.0    0.0               0.0  0.0
   0.0                0.0    0.0               0.0  0.0
   0.0                0.0    0.0               0.0  0.0
   0.0                0.0    0.0               0.0  0.0
   0.0                0.0    0.0               0.0  0.0
   0.0                0.0    0.0               0.0  0.0
   0.0                0.0    0.0               0.0  0.0
   0.0                0.0    0.0               0.0  0.0
   0.0                0.0    0.0               0.0  0.0
   0.0                0.0    0.0               0.0  0.0
   0.0                0.0    0.0               0.0  0.0
   0.0                0.0    0.0               0.0  0.0
   0.0                0.0    0.0               0.0  0.0
   0.0                0.0    0.0               0.0  0.0
   0.0                0.0    0.0               0.0  0.0
   0.0                0.0    0.0               0.0  0.0
   0.0                0.0    0.0               0.0  0.0
   0.0                0.0    0.0               0.0  0.0
   0.0                0.0    0.0               0.0  0.0
   0.0                0.0    0.0               0.0  0.0
   0.0                0.0    0.0               0.0  0.0
   0.0                0.0    0.0               0.0  0.0
   0.0                0.0    0.0               0.0  0.0
   0.0                0.0    0.0               0.0  0.0
   0.0                0.0    0.0               0.0  0.0
   0.0                0.0    0.0               0.0  0.0
   0.0                0.0    0.0               0.0  0.0
   0.0                0.0    0.0               0.0  0.0
   0.0                0.0    0.0               0.0  0.0
   0.0                0.0    0.0               0.0  0.0
   0.0                0.0    0.0               0.0  0.0
   0.0                0.0    0.0               0.0  0.0
   0.0                0.0    0.0               0.0  0.0
   0.0                0.0    0.0               0.0  0.0
   0.0                0.0    0.0               0.0  0.0
   0.0                0.0    0.0               0.0  0.0
   0.0                0.0    0.0               0.0  0.0
   0.0                0.0    0.0               0.0  0.0
   0.0                0.0    0.0               0.0  0.0
   0.0                0.0    0.0               0.0  0.0
   0.0                0.0    0.0               0.0  0.0
   0.0                0.0    0.0               0.0  0.0
  81.2916179809632    0.0    0.0               0.0  0.0
   0.0                0.0    0.0               0.0  0.0
   0.0                0.0    0.0               0.0  0.0
   0.0                0.0    0.0               0.0  0.0
   0.0                0.0    0.0               0.0  0.0
   0.0                0.0    0.0               0.0  0.0
   0.0                0.0    0.0               0.0  0.0
   0.0                0.0    0.0               0.0  0.0
   0.0                0.0    0.0               0.0  0.0
   0.0                0.0    0.0               0.0  0.0
   0.0                0.0    0.0               0.0  0.0
   0.0                0.0    0.0               0.0  0.0
   0.0                0.0    0.0               0.0  0.0
   0.0                0.0    0.0               0.0  0.0
   0.0                0.0    0.0               0.0  0.0
   0.0                0.0    0.0               0.0  0.0
   0.0                0.0    0.0               0.0  0.0
   0.0                0.0    0.0               0.0  0.0
   0.0                0.0    0.0               0.0  0.0
   0.0                0.0    0.0               0.0  0.0
   0.0                0.0    0.0               0.0  0.0
   0.0                0.0    0.0               0.0  0.0
   0.0                0.0    0.0               0.0  0.0
   0.0                0.0    0.0               0.0  0.0
   0.0                0.0    0.0               0.0  0.0
   0.0                0.0    0.0               0.0  0.0
   0.0                0.0    0.0               0.0  0.0
   0.0                0.0    0.0               0.0  0.0
   0.0                0.0    0.0               0.0  0.0
   0.0                0.0    0.0               0.0  0.0
   0.0                0.0    0.0               0.0  0.0
   0.0                0.0    0.0               0.0  0.0
   0.0                0.0    0.0               0.0  0.0
   0.0                0.0    0.0               0.0  0.0
   0.0                0.0    0.0               0.0  0.0
   0.0                0.0    0.0               0.0  0.0
   0.0                0.0    0.0               0.0  0.0
   0.0                0.0    0.0               0.0  0.0
   0.0                0.0    0.0               0.0  0.0
   0.0                0.0    0.0               0.0  0.0
   0.0                0.0    0.0               0.0  0.0
   0.0                0.0    0.0               0.0  0.0
   0.0                0.0    0.0               0.0  0.0
   0.0                0.0    0.0               0.0  0.0
   0.0                0.0    0.0               0.0  0.0
   0.0                0.0    0.0               0.0  0.0
   0.0                0.0    0.0               0.0  0.0
   0.0                0.0    0.0               0.0  0.0
   0.0                0.0    0.0               0.0  0.0
   0.0                0.0    0.0               0.0  0.0
   0.0                0.0    0.0               0.0  0.0
  52.156092878064975  0.0    0.0               0.0  0.0
 202.95662128157272   0.0    0.0               0.0  0.0
   0.0                0.0    0.0               0.0  0.0
 191.18192793283424   0.0    0.0               0.0  0.0
 700.3425102584238    0.0    0.0               0.0  0.0
   0.0                0.0    0.0               0.0  0.0
  59.958028305077704  0.0    0.0               0.0  0.0
  53.48055220353164   0.0    0.0               0.0  0.0
   0.0                0.0    0.0               0.0  0.0
   0.0                0.0    0.0               0.0  0.0
  45.84806033886463   0.0  225.98756547049118  0.0  0.0
   0.0                0.0    0.0               0.0  0.0
   0.0                0.0    0.0               0.0  0.0
   0.0                0.0    0.0               0.0  0.0
   0.0                0.0    0.0               0.0  0.0
   0.0                0.0    0.0               0.0  0.0
   0.0                0.0    0.0               0.0  0.0
   0.0                0.0    0.0               0.0  0.0
   0.0                0.0    0.0               0.0  0.0
   0.0                0.0    0.0               0.0  0.0
   0.0                0.0    0.0               0.0  0.0
   0.0                0.0    0.0               0.0  0.0
   0.0                0.0    0.0               0.0  0.0
 191.18192793283424   0.0    0.0               0.0  0.0
   0.0                0.0    0.0               0.0  0.0
   0.0                0.0    0.0               0.0  0.0
   0.0                0.0    0.0               0.0  0.0
   0.0                0.0    0.0               0.0  0.0
   0.0                0.0    0.0               0.0  0.0
   0.0                0.0    0.0               0.0  0.0
   0.0                0.0    0.0               0.0  0.0
   0.0                0.0    0.0               0.0  0.0
   0.0                0.0    0.0               0.0  0.0
   0.0                0.0    0.0               0.0  0.0
  17.867511826521447  0.0    0.0               0.0  0.0
   0.0                0.0    0.0               0.0  0.0
   0.0                0.0    0.0               0.0  0.0
   0.0                0.0    0.0               0.0  0.0
   0.0                0.0    0.0               0.0  0.0
   0.0                0.0    0.0               0.0  0.0
   0.0                0.0    0.0               0.0  0.0
   0.0                0.0    0.0               0.0  0.0
   0.0                0.0    0.0               0.0  0.0
  71.79252910176325   0.0    0.0               0.0  0.0
   0.0                0.0    0.0               0.0  0.0
   0.0                0.0    0.0               0.0  0.0
   0.0                0.0    0.0               0.0  0.0
   0.0                0.0    0.0               0.0  0.0
   0.0                0.0    0.0               0.0  0.0
 278.6269332772112    0.0    0.0               0.0  0.0
   0.0                0.0    0.0               0.0  0.0
   0.0                0.0    0.0               0.0  0.0
  27.39366637901714   0.0    0.0               0.0  0.0
   0.0                0.0    0.0               0.0  0.0
   0.0                0.0    0.0               0.0  0.0
   0.0                0.0    0.0               0.0  0.0
   0.0                0.0    0.0               0.0  0.0
   0.0                0.0    0.0               0.0  0.0
 391.20422699933806   0.0    0.0               0.0  0.0
   0.0                0.0    0.0               0.0  0.0
   0.0                0.0    0.0               0.0  0.0
   0.0                0.0    0.0               0.0  0.0
   0.0                0.0    0.0               0.0  0.0
   0.0                0.0    0.0               0.0  0.0
   0.0                0.0    0.0               0.0  0.0
   0.0                0.0    0.0               0.0  0.0
   0.0                0.0    0.0               0.0  0.0
   0.0                0.0    0.0               0.0  0.0
   0.0                0.0    0.0               0.0  0.0
   0.0                0.0    0.0               0.0  0.0
  70.25416161794864   0.0    0.0               0.0  0.0
   0.0                0.0    0.0               0.0  0.0
 191.18192793283424   0.0    0.0               0.0  0.0
  34.365988453474     0.0    0.0               0.0  0.0
   0.0                0.0    0.0               0.0  0.0
   0.0                0.0    0.0               0.0  0.0
   0.0                0.0    0.0               0.0  0.0
   0.0                0.0    0.0               0.0  0.0
   0.0                0.0    0.0               0.0  0.0
   0.0                0.0    0.0               0.0  0.0
 133.11118856446686   0.0    0.0               0.0  0.0
   0.0                0.0    0.0               0.0  0.0
  56.2404650358083    0.0    0.0               0.0  0.0
 249.66430818896367   0.0    0.0               0.0  0.0
   0.0                0.0    0.0               0.0  0.0
 211.15156980065746   0.0    0.0               0.0  0.0
 375.70191267326084   0.0    0.0               0.0  0.0
   0.0                0.0    0.0               0.0  0.0
   0.0                0.0    0.0               0.0  0.0
 265.1643067142286    0.0    0.0               0.0  0.0
   0.0                0.0    0.0               0.0  0.0
 124.53660499747218   0.0    0.0               0.0  0.0
 291.56578649417435   0.0    0.0               0.0  0.0
   0.0                0.0    0.0               0.0  0.0
   0.0                0.0    0.0               0.0  0.0
   0.0                0.0    0.0               0.0  0.0
   0.0                0.0    0.0               0.0  0.0
   0.0                0.0    0.0               0.0  0.0
   0.0                0.0    0.0               0.0  0.0
   0.0                0.0    0.0               0.0  0.0
   0.0                0.0    0.0               0.0  0.0
   0.0                0.0    0.0               0.0  0.0
   0.0                0.0    0.0               0.0  0.0
   0.0                0.0    0.0               0.0  0.0
   0.0                0.0    0.0               0.0  0.0
   0.0                0.0    0.0               0.0  0.0
   0.0                0.0    0.0               0.0  0.0
   0.0                0.0    0.0               0.0  0.0
   0.0                0.0    0.0               0.0  0.0
   0.0                0.0    0.0               0.0  0.0
   0.0                0.0    0.0               0.0  0.0
   0.0                0.0    0.0               0.0  0.0
   0.0                0.0    0.0               0.0  0.0
   0.0                0.0    0.0               0.0  0.0
 391.204226999338     0.0    0.0               0.0  0.0
   0.0                0.0    0.0               0.0  0.0
   0.0                0.0    0.0               0.0  0.0
   0.0                0.0    0.0               0.0  0.0
   0.0                0.0    0.0               0.0  0.0
   0.0                0.0    0.0               0.0  0.0
Power capacity invested:
2-dimensional DenseAxisArray{Float64,2,...} with index sets:
    Dimension 1, [11.0, 12.0, 13.0, 14.0, 15.0, 16.0, 17.0, 18.0, 19.0, 20.0  …  324.0, 325.0, 326.0, 327.0, 335.0, 336.0, 337.0, 338.0, 339.0, 340.0]
    Dimension 2, [1, 2, 3, 4, 5]
And data, a 289×5 Array{Float64,2}:
   0.0                 0.0   0.0                0.0  0.0
   0.0                 0.0   0.0                0.0  0.0
   0.0                 0.0   0.0                0.0  0.0
   0.0                 0.0   0.0                0.0  0.0
   0.0                 0.0   0.0                0.0  0.0
   0.0                 0.0   0.0                0.0  0.0
   0.0                 0.0   0.0                0.0  0.0
   0.0                 0.0   0.0                0.0  0.0
   0.0                 0.0   0.0                0.0  0.0
   0.0                 0.0   0.0                0.0  0.0
   0.0                 0.0   0.0                0.0  0.0
   0.0                 0.0   0.0                0.0  0.0
   0.0                 0.0   0.0                0.0  0.0
   0.0                 0.0   0.0                0.0  0.0
   0.0                 0.0   0.0                0.0  0.0
   0.0                 0.0   0.0                0.0  0.0
   0.0                 0.0   0.0                0.0  0.0
   0.0                 0.0   0.0                0.0  0.0
   0.0                 0.0   0.0                0.0  0.0
   0.0                 0.0   0.0                0.0  0.0
   0.0                 0.0   0.0                0.0  0.0
   0.0                 0.0   0.0                0.0  0.0
   0.0                 0.0   0.0                0.0  0.0
   0.0                 0.0   0.0                0.0  0.0
   0.0                 0.0   0.0                0.0  0.0
   0.0                 0.0   0.0                0.0  0.0
   0.0                 0.0   0.0                0.0  0.0
   0.0                 0.0   0.0                0.0  0.0
   0.0                 0.0   0.0                0.0  0.0
   0.0                 0.0   0.0                0.0  0.0
   0.0                 0.0   0.0                0.0  0.0
   0.0                 0.0   0.0                0.0  0.0
   0.0                 0.0   0.0                0.0  0.0
   0.0                 0.0   0.0                0.0  0.0
   0.0                 0.0   0.0                0.0  0.0
   0.0                 0.0   0.0                0.0  0.0
   0.0                 0.0   0.0                0.0  0.0
   0.0                 0.0   0.0                0.0  0.0
   0.0                 0.0   0.0                0.0  0.0
   0.0                 0.0   0.0                0.0  0.0
   0.0                 0.0   0.0                0.0  0.0
   0.0                 0.0   0.0                0.0  0.0
   0.0                 0.0   0.0                0.0  0.0
   0.0                 0.0   0.0                0.0  0.0
   0.0                 0.0   0.0                0.0  0.0
   0.0                 0.0   0.0                0.0  0.0
   0.0                 0.0   0.0                0.0  0.0
   0.0                 0.0   0.0                0.0  0.0
   0.0                 0.0   0.0                0.0  0.0
   0.0                 0.0   0.0                0.0  0.0
   0.0                 0.0   0.0                0.0  0.0
   0.0                 0.0   0.0                0.0  0.0
   0.0                 0.0   0.0                0.0  0.0
   0.0                 0.0   0.0                0.0  0.0
   0.0                 0.0   0.0                0.0  0.0
   0.0                 0.0   0.0                0.0  0.0
   0.0                 0.0   0.0                0.0  0.0
   0.0                 0.0   0.0                0.0  0.0
   0.0                 0.0   0.0                0.0  0.0
   0.0                 0.0   0.0                0.0  0.0
   0.0                 0.0   0.0                0.0  0.0
   0.0                 0.0   0.0                0.0  0.0
   0.0                 0.0   0.0                0.0  0.0
   0.0                 0.0   0.0                0.0  0.0
   0.0                 0.0   0.0                0.0  0.0
   0.0                 0.0   0.0                0.0  0.0
   0.0                 0.0   0.0                0.0  0.0
   0.0                 0.0   0.0                0.0  0.0
   0.0                 0.0   0.0                0.0  0.0
   0.0                 0.0   0.0                0.0  0.0
   0.0                 0.0   0.0                0.0  0.0
   0.0                 0.0   0.0                0.0  0.0
   0.0                 0.0   0.0                0.0  0.0
   0.0                 0.0   0.0                0.0  0.0
   0.0                 0.0   0.0                0.0  0.0
   0.0                 0.0   0.0                0.0  0.0
   0.0                 0.0   0.0                0.0  0.0
   0.0                 0.0   0.0                0.0  0.0
   0.0                 0.0   0.0                0.0  0.0
   0.0                 0.0   0.0                0.0  0.0
   0.0                 0.0   0.0                0.0  0.0
   0.0                 0.0   0.0                0.0  0.0
   0.0                 0.0   0.0                0.0  0.0
   0.0                 0.0   0.0                0.0  0.0
   0.0                 0.0   0.0                0.0  0.0
   0.0                 0.0   0.0                0.0  0.0
   0.0                 0.0   0.0                0.0  0.0
   0.0                 0.0   0.0                0.0  0.0
   0.0                 0.0   0.0                0.0  0.0
   0.0                 0.0   0.0                0.0  0.0
   0.0                 0.0   0.0                0.0  0.0
   0.0                 0.0   0.0                0.0  0.0
   0.0                 0.0   0.0                0.0  0.0
   0.0                 0.0   0.0                0.0  0.0
   0.0                 0.0   0.0                0.0  0.0
   0.0                 0.0   0.0                0.0  0.0
   0.0                 0.0   0.0                0.0  0.0
   0.0                 0.0   0.0                0.0  0.0
   0.0                 0.0   0.0                0.0  0.0
   0.0                 0.0   0.0                0.0  0.0
   0.0                 0.0   0.0                0.0  0.0
   0.0                 0.0   0.0                0.0  0.0
   0.0                 0.0   0.0                0.0  0.0
   0.0                 0.0   0.0                0.0  0.0
   0.0                 0.0   0.0                0.0  0.0
   0.0                 0.0   0.0                0.0  0.0
   0.0                 0.0   0.0                0.0  0.0
   0.0                 0.0   0.0                0.0  0.0
   0.0                 0.0   0.0                0.0  0.0
   0.0                 0.0   0.0                0.0  0.0
   0.0                 0.0   0.0                0.0  0.0
   0.0                 0.0   0.0                0.0  0.0
   0.0                 0.0   0.0                0.0  0.0
   0.0                 0.0   0.0                0.0  0.0
   0.0                 0.0   0.0                0.0  0.0
   0.0                 0.0   0.0                0.0  0.0
   0.0                 0.0   0.0                0.0  0.0
   0.0                 0.0   0.0                0.0  0.0
  20.40104106566665    0.0   0.0                0.0  0.0
   0.0                 0.0   0.0                0.0  0.0
   0.0                 0.0   0.0                0.0  0.0
   0.0                 0.0   0.0                0.0  0.0
   0.0                 0.0   0.0                0.0  0.0
   0.0                 0.0   0.0                0.0  0.0
   0.0                 0.0   0.0                0.0  0.0
   0.0                 0.0   0.0                0.0  0.0
   0.0                 0.0   0.0                0.0  0.0
   0.0                 0.0   0.0                0.0  0.0
   0.0                 0.0   0.0                0.0  0.0
   0.0                 0.0   0.0                0.0  0.0
   0.0                 0.0   0.0                0.0  0.0
   0.0                 0.0   0.0                0.0  0.0
   0.0                 0.0   0.0                0.0  0.0
   0.0                 0.0   0.0                0.0  0.0
   0.0                 0.0   0.0                0.0  0.0
   0.0                 0.0   0.0                0.0  0.0
   0.0                 0.0   0.0                0.0  0.0
   0.0                 0.0   0.0                0.0  0.0
   0.0                 0.0   0.0                0.0  0.0
   0.0                 0.0   0.0                0.0  0.0
   0.0                 0.0   0.0                0.0  0.0
   0.0                 0.0   0.0                0.0  0.0
   0.0                 0.0   0.0                0.0  0.0
   0.0                 0.0   0.0                0.0  0.0
   0.0                 0.0   0.0                0.0  0.0
   0.0                 0.0   0.0                0.0  0.0
   0.0                 0.0   0.0                0.0  0.0
   0.0                 0.0   0.0                0.0  0.0
   0.0                 0.0   0.0                0.0  0.0
   0.0                 0.0   0.0                0.0  0.0
   0.0                 0.0   0.0                0.0  0.0
   0.0                 0.0   0.0                0.0  0.0
   0.0                 0.0   0.0                0.0  0.0
   0.0                 0.0   0.0                0.0  0.0
   0.0                 0.0   0.0                0.0  0.0
   0.0                 0.0   0.0                0.0  0.0
   0.0                 0.0   0.0                0.0  0.0
   0.0                 0.0   0.0                0.0  0.0
   0.0                 0.0   0.0                0.0  0.0
   0.0                 0.0   0.0                0.0  0.0
   0.0                 0.0   0.0                0.0  0.0
   0.0                 0.0   0.0                0.0  0.0
   0.0                 0.0   0.0                0.0  0.0
   0.0                 0.0   0.0                0.0  0.0
   0.0                 0.0   0.0                0.0  0.0
   0.0                 0.0   0.0                0.0  0.0
   0.0                 0.0   0.0                0.0  0.0
   0.0                 0.0   0.0                0.0  0.0
   0.0                 0.0   0.0                0.0  0.0
  10.429914709511307   0.0   0.0                0.0  0.0
  40.58625048172754    0.0   0.0                0.0  0.0
   0.0                 0.0   0.0                0.0  0.0
  31.859008033851776   0.0   0.0                0.0  0.0
 118.67084032655241    0.0   0.0                0.0  0.0
   0.0                 0.0   0.0                0.0  0.0
  11.9901067519463     0.0   0.0                0.0  0.0
  10.694773464041283   0.0   0.0                0.0  0.0
   0.0                 0.0   0.0                0.0  0.0
   0.0                 0.0   0.0                0.0  0.0
   9.168465898104047   0.0  11.894082393183751  0.0  0.0
   0.0                 0.0   0.0                0.0  0.0
   0.0                 0.0   0.0                0.0  0.0
   0.0                 0.0   0.0                0.0  0.0
   0.0                 0.0   0.0                0.0  0.0
   0.0                 0.0   0.0                0.0  0.0
   0.0                 0.0   0.0                0.0  0.0
   0.0                 0.0   0.0                0.0  0.0
   0.0                 0.0   0.0                0.0  0.0
   0.0                 0.0   0.0                0.0  0.0
   0.0                 0.0   0.0                0.0  0.0
   0.0                 0.0   0.0                0.0  0.0
   0.0                 0.0   0.0                0.0  0.0
  31.859008033851776   0.0   0.0                0.0  0.0
   0.0                 0.0   0.0                0.0  0.0
   0.0                 0.0   0.0                0.0  0.0
   0.0                 0.0   0.0                0.0  0.0
   0.0                 0.0   0.0                0.0  0.0
   0.0                 0.0   0.0                0.0  0.0
   0.0                 0.0   0.0                0.0  0.0
   0.0                 0.0   0.0                0.0  0.0
   0.0                 0.0   0.0                0.0  0.0
   0.0                 0.0   0.0                0.0  0.0
   0.0                 0.0   0.0                0.0  0.0
   3.573055689916879   0.0   0.0                0.0  0.0
   0.0                 0.0   0.0                0.0  0.0
   0.0                 0.0   0.0                0.0  0.0
   0.0                 0.0   0.0                0.0  0.0
   0.0                 0.0   0.0                0.0  0.0
   0.0                 0.0   0.0                0.0  0.0
   0.0                 0.0   0.0                0.0  0.0
   0.0                 0.0   0.0                0.0  0.0
   0.0                 0.0   0.0                0.0  0.0
  14.356711056982068   0.0   0.0                0.0  0.0
   0.0                 0.0   0.0                0.0  0.0
   0.0                 0.0   0.0                0.0  0.0
   0.0                 0.0   0.0                0.0  0.0
   0.0                 0.0   0.0                0.0  0.0
   0.0                 0.0   0.0                0.0  0.0
  55.71842117560526    0.0   0.0                0.0  0.0
   0.0                 0.0   0.0                0.0  0.0
   0.0                 0.0   0.0                0.0  0.0
   5.4780484531677285  0.0   0.0                0.0  0.0
   0.0                 0.0   0.0                0.0  0.0
   0.0                 0.0   0.0                0.0  0.0
   0.0                 0.0   0.0                0.0  0.0
   0.0                 0.0   0.0                0.0  0.0
   0.0                 0.0   0.0                0.0  0.0
  49.90577566090731    0.0   0.0                0.0  0.0
   0.0                 0.0   0.0                0.0  0.0
   0.0                 0.0   0.0                0.0  0.0
   0.0                 0.0   0.0                0.0  0.0
   0.0                 0.0   0.0                0.0  0.0
   0.0                 0.0   0.0                0.0  0.0
   0.0                 0.0   0.0                0.0  0.0
   0.0                 0.0   0.0                0.0  0.0
   0.0                 0.0   0.0                0.0  0.0
   0.0                 0.0   0.0                0.0  0.0
   0.0                 0.0   0.0                0.0  0.0
   0.0                 0.0   0.0                0.0  0.0
  14.049076018337907   0.0   0.0                0.0  0.0
   0.0                 0.0   0.0                0.0  0.0
  21.987985324572925   0.0   0.0                0.0  0.0
   6.87233856484923    0.0   0.0                0.0  0.0
   0.0                 0.0   0.0                0.0  0.0
   0.0                 0.0   0.0                0.0  0.0
   0.0                 0.0   0.0                0.0  0.0
   0.0                 0.0   0.0                0.0  0.0
   0.0                 0.0   0.0                0.0  0.0
   0.0                 0.0   0.0                0.0  0.0
  26.618910025619503   0.0   0.0                0.0  0.0
   0.0                 0.0   0.0                0.0  0.0
  11.246687034592457   0.0   0.0                0.0  0.0
  31.84958161261158    0.0   0.0                0.0  0.0
   0.0                 0.0   0.0                0.0  0.0
  42.22503531752256    0.0   0.0                0.0  0.0
  75.13099024774488    0.0   0.0                0.0  0.0
   0.0                 0.0   0.0                0.0  0.0
   0.0                 0.0   0.0                0.0  0.0
  33.826910577279364   0.0   0.0                0.0  0.0
   0.0                 0.0   0.0                0.0  0.0
  24.90420767085505    0.0   0.0                0.0  0.0
  56.184613244685714   0.0   0.0                0.0  0.0
   0.0                 0.0   0.0                0.0  0.0
   0.0                 0.0   0.0                0.0  0.0
   0.0                 0.0   0.0                0.0  0.0
   0.0                 0.0   0.0                0.0  0.0
   0.0                 0.0   0.0                0.0  0.0
   0.0                 0.0   0.0                0.0  0.0
   0.0                 0.0   0.0                0.0  0.0
   0.0                 0.0   0.0                0.0  0.0
   0.0                 0.0   0.0                0.0  0.0
   0.0                 0.0   0.0                0.0  0.0
   0.0                 0.0   0.0                0.0  0.0
   0.0                 0.0   0.0                0.0  0.0
   0.0                 0.0   0.0                0.0  0.0
   0.0                 0.0   0.0                0.0  0.0
   0.0                 0.0   0.0                0.0  0.0
   0.0                 0.0   0.0                0.0  0.0
   0.0                 0.0   0.0                0.0  0.0
   0.0                 0.0   0.0                0.0  0.0
   0.0                 0.0   0.0                0.0  0.0
   0.0                 0.0   0.0                0.0  0.0
   0.0                 0.0   0.0                0.0  0.0
  59.67772673079491    0.0   0.0                0.0  0.0
   0.0                 0.0   0.0                0.0  0.0
   0.0                 0.0   0.0                0.0  0.0
   0.0                 0.0   0.0                0.0  0.0
   0.0                 0.0   0.0                0.0  0.0
   0.0                 0.0   0.0                0.0  0.0
Time steps with simultaneous charge and discharge
Charge or Dischrage when there is no investment
