Set parameter TSPort to value 4195
Set parameter TokenServer to value "license1.cc.dtu.dk"
Gurobi Optimizer version 9.5.0 build v9.5.0rc5 (linux64)
Thread count: 24 physical cores, 24 logical processors, using up to 24 threads
Optimize a model with 20395422 rows, 13022786 columns and 51706316 nonzeros
Model fingerprint: 0x04e23846
Variable types: 13021716 continuous, 1070 integer (1070 binary)
Coefficient statistics:
  Matrix range     [5e-01, 1e+05]
  Objective range  [1e-04, 2e+02]
  Bounds range     [0e+00, 0e+00]
  RHS range        [2e-04, 4e+06]
Presolve removed 0 rows and 576302 columns (presolve time = 5s) ...
Presolve removed 5452230 rows and 2203038 columns (presolve time = 10s) ...
Presolve removed 8328710 rows and 2468228 columns (presolve time = 16s) ...
Presolve removed 8329230 rows and 2468628 columns (presolve time = 22s) ...
Presolve removed 8329230 rows and 2468628 columns (presolve time = 26s) ...
Presolve removed 8329230 rows and 2468800 columns (presolve time = 31s) ...
Presolve removed 8334770 rows and 2476152 columns (presolve time = 35s) ...
Presolve removed 8334770 rows and 2476152 columns (presolve time = 40s) ...
Presolve removed 8334770 rows and 2476152 columns (presolve time = 45s) ...
Presolve removed 8334770 rows and 2476152 columns (presolve time = 50s) ...
Presolve removed 8334770 rows and 2476152 columns (presolve time = 55s) ...
Presolve removed 8334770 rows and 2476152 columns (presolve time = 60s) ...
Presolve removed 8334770 rows and 2476152 columns (presolve time = 65s) ...
Presolve removed 8346879 rows and 2481890 columns (presolve time = 71s) ...
Presolve removed 8346879 rows and 2481890 columns (presolve time = 76s) ...
Presolve removed 8346879 rows and 2481910 columns (presolve time = 80s) ...
Presolve removed 8351350 rows and 2486141 columns (presolve time = 85s) ...
Presolve removed 8351350 rows and 2486141 columns (presolve time = 91s) ...
Presolve removed 8351350 rows and 2486141 columns (presolve time = 95s) ...
Presolve removed 8351458 rows and 2486249 columns (presolve time = 100s) ...
Presolve removed 8953911 rows and 2951229 columns (presolve time = 116s) ...
Presolve removed 8953954 rows and 2951263 columns (presolve time = 120s) ...
Presolve removed 8953962 rows and 2951273 columns (presolve time = 125s) ...
Presolve removed 8953962 rows and 7720307 columns (presolve time = 1356s) ...
Presolve removed 14316014 rows and 7720307 columns
Presolve time: 1359.25s
Presolved: 6079408 rows, 5302479 columns, 19134135 nonzeros
Variable types: 5302479 continuous, 0 integer (0 binary)

Deterministic concurrent LP optimizer: primal simplex, dual simplex, and barrier
Showing barrier log only...

Root barrier log...

Elapsed ordering time = 8s
Elapsed ordering time = 11s
Elapsed ordering time = 16s
Elapsed ordering time = 21s
Elapsed ordering time = 25s
Elapsed ordering time = 30s
Ordering time: 44.72s

Barrier statistics:
 Dense cols : 540
 AA' NZ     : 1.779e+07
 Factor NZ  : 1.794e+08 (roughly 6.0 GB of memory)
 Factor Ops : 1.365e+11 (roughly 1 second per iteration)
 Threads    : 22

                  Objective                Residual
Iter       Primal          Dual         Primal    Dual     Compl     Time
   0   7.44726847e+11 -6.31142970e+13  2.84e+05 4.22e+00  4.09e+07  1460s
   1   3.88663240e+11 -4.09460094e+13  1.13e+05 5.25e+01  1.33e+07  1468s
   2   3.50386203e+11 -2.86847220e+13  1.01e+05 4.35e+00  9.52e+06  1479s
   3   7.88899983e+10 -1.63594142e+13  1.94e+04 6.28e+01  2.23e+06  1492s
   4   3.64621620e+10 -7.07082368e+12  8.09e+03 4.72e+01  8.47e+05  1502s
   5   1.90377803e+10 -2.98399039e+12  3.63e+03 2.32e+01  3.55e+05  1508s
   6   1.08452218e+10 -1.18447899e+12  1.61e+03 7.95e+00  1.50e+05  1512s
   7   6.43882850e+09 -3.82270693e+11  5.76e+02 2.72e+00  5.46e+04  1518s
   8   4.64534796e+09 -1.46424502e+11  2.16e+02 1.16e+00  2.25e+04  1522s
   9   2.37318412e+09 -5.74831360e+10  7.94e+01 3.82e-01  8.57e+03  1528s
  10   1.06355556e+09 -3.11834748e+10  2.28e+01 1.56e-01  3.33e+03  1535s
  11   6.89997816e+08 -1.31897672e+10  8.99e+00 5.33e-02  1.26e+03  1541s
  12   4.82362692e+08 -5.95783901e+09  3.56e+00 1.82e-02  5.12e+02  1545s
  13   3.88157957e+08 -3.93990093e+09  1.98e+00 1.08e-02  3.19e+02  1550s
  14   3.27135566e+08 -2.41345486e+09  1.30e+00 6.20e-03  1.94e+02  1554s
  15   2.75753831e+08 -1.72431684e+09  7.31e-01 4.40e-03  1.37e+02  1561s
  16   2.60196161e+08 -1.13355271e+09  6.10e-01 2.87e-03  9.48e+01  1565s
  17   2.47014009e+08 -8.66752454e+08  5.23e-01 2.24e-03  7.54e+01  1572s
  18   2.09327014e+08 -6.63100224e+08  3.07e-01 1.76e-03  5.83e+01  1580s
  19   1.96206587e+08 -4.77555325e+08  2.49e-01 1.32e-03  4.49e+01  1589s
  20   1.78800971e+08 -3.58866348e+08  1.84e-01 1.05e-03  3.57e+01  1600s
  21   1.69423779e+08 -2.82527287e+08  1.55e-01 8.68e-04  2.99e+01  1610s
  22   1.47968379e+08 -1.80120600e+08  9.66e-02 6.26e-04  2.17e+01  1620s
  23   1.36670632e+08 -1.05766287e+08  7.64e-02 4.42e-04  1.60e+01  1631s
  24   1.21958154e+08 -7.70585951e+07  5.68e-02 3.67e-04  1.31e+01  1642s
  25   1.10187725e+08 -4.24019691e+07  4.45e-02 2.71e-04  1.00e+01  1653s
  26   9.72859468e+07 -1.58035814e+07  3.45e-02 1.91e-04  7.45e+00  1663s
  27   8.60590551e+07  3.95784259e+06  2.67e-02 1.28e-04  5.40e+00  1675s
  28   7.54709188e+07  1.23231919e+07  1.97e-02 1.00e-04  4.16e+00  1685s
  29   6.75383701e+07  1.97459453e+07  1.49e-02 7.50e-05  3.15e+00  1696s
  30   6.06743483e+07  2.51689594e+07  1.14e-02 5.63e-05  2.34e+00  1709s
  31   5.58416068e+07  2.86721902e+07  1.34e-02 4.43e-05  1.79e+00  1722s
  32   5.26043641e+07  3.18347221e+07  1.42e-02 3.36e-05  1.37e+00  1735s
  33   4.97343396e+07  3.33214938e+07  1.20e-02 2.86e-05  1.08e+00  1750s
  34   4.83755195e+07  3.47999601e+07  9.92e-03 2.36e-05  8.93e-01  1763s
  35   4.68265386e+07  3.58494908e+07  7.54e-03 2.01e-05  7.22e-01  1778s
  36   4.58888467e+07  3.71729433e+07  5.65e-03 1.56e-05  5.73e-01  1792s
  37   4.50062547e+07  3.81211933e+07  4.14e-03 1.24e-05  4.53e-01  1807s
  38   4.43255668e+07  3.87656501e+07  3.37e-03 1.03e-05  3.66e-01  1822s
  39   4.38871482e+07  3.90767045e+07  2.99e-03 9.25e-06  3.16e-01  1838s
  40   4.36661120e+07  3.96792137e+07  2.53e-03 7.27e-06  2.62e-01  1852s
  41   4.34614628e+07  3.99474397e+07  2.24e-03 6.39e-06  2.31e-01  1861s
  42   4.32016637e+07  4.01765705e+07  1.86e-03 5.63e-06  1.99e-01  1871s
  43   4.29074322e+07  4.04314271e+07  1.44e-03 4.79e-06  1.63e-01  1880s
  44   4.27990631e+07  4.05380977e+07  1.28e-03 4.45e-06  1.49e-01  1889s
  45   4.27183485e+07  4.07402304e+07  1.16e-03 3.78e-06  1.30e-01  1899s
  46   4.25320925e+07  4.09006046e+07  8.96e-04 3.25e-06  1.07e-01  1908s
  47   4.24439973e+07  4.10360117e+07  7.69e-04 2.81e-06  9.26e-02  1918s
  48   4.23515309e+07  4.11583063e+07  6.36e-04 2.42e-06  7.84e-02  1926s
  49   4.23047567e+07  4.12277967e+07  5.68e-04 2.20e-06  7.08e-02  1935s
  50   4.22603733e+07  4.13369368e+07  5.03e-04 1.84e-06  6.07e-02  1944s
  51   4.21927330e+07  4.14313714e+07  4.06e-04 1.53e-06  5.00e-02  1954s
  52   4.21620980e+07  4.15069584e+07  3.61e-04 1.28e-06  4.31e-02  1963s
  53   4.21161487e+07  4.16098020e+07  2.94e-04 9.53e-07  3.33e-02  1972s
  54   4.20754987e+07  4.16719211e+07  2.38e-04 7.48e-07  2.65e-02  1982s
  55   4.20517226e+07  4.16935367e+07  2.05e-04 6.77e-07  2.35e-02  1991s
  56   4.20333948e+07  4.17338085e+07  1.79e-04 5.47e-07  1.97e-02  2001s
  57   4.20187627e+07  4.17575325e+07  1.58e-04 4.69e-07  1.72e-02  2010s
  58   4.20011991e+07  4.17808272e+07  1.34e-04 3.92e-07  1.45e-02  2019s
  59   4.19936226e+07  4.18024435e+07  1.23e-04 3.22e-07  1.26e-02  2028s
  60   4.19903620e+07  4.18124016e+07  1.19e-04 2.89e-07  1.17e-02  2035s
  61   4.19774128e+07  4.18208635e+07  1.01e-04 2.62e-07  1.03e-02  2044s
  62   4.19661787e+07  4.18298724e+07  8.62e-05 2.32e-07  8.96e-03  2054s
  63   4.19627011e+07  4.18370652e+07  8.15e-05 2.09e-07  8.26e-03  2061s
  64   4.19552377e+07  4.18440191e+07  7.15e-05 1.86e-07  7.31e-03  2071s
  65   4.19488517e+07  4.18511135e+07  6.29e-05 1.63e-07  6.43e-03  2080s
  66   4.19438639e+07  4.18580294e+07  5.61e-05 1.40e-07  5.64e-03  2090s
  67   4.19395015e+07  4.18657387e+07  5.02e-05 1.15e-07  4.85e-03  2099s
  68   4.19347000e+07  4.18706321e+07  4.38e-05 9.87e-08  4.21e-03  2108s
  69   4.19289497e+07  4.18741467e+07  3.62e-05 8.72e-08  3.60e-03  2118s
  70   4.19265575e+07  4.18771326e+07  3.30e-05 7.73e-08  3.25e-03  2127s
  71   4.19251705e+07  4.18786399e+07  3.12e-05 7.24e-08  3.06e-03  2137s
  72   4.19209273e+07  4.18805920e+07  2.57e-05 6.59e-08  2.65e-03  2146s
  73   4.19197000e+07  4.18845600e+07  2.41e-05 5.32e-08  2.31e-03  2156s
  74   4.19150887e+07  4.18871070e+07  1.81e-05 4.48e-08  1.84e-03  2165s
  75   4.19133379e+07  4.18892521e+07  1.58e-05 3.77e-08  1.58e-03  2175s
  76   4.19117153e+07  4.18913634e+07  1.37e-05 3.07e-08  1.34e-03  2184s
  77   4.19092937e+07  4.18926552e+07  1.06e-05 2.65e-08  1.09e-03  2194s
  78   4.19083326e+07  4.18935149e+07  9.38e-06 2.36e-08  9.74e-04  2202s
  79   4.19075728e+07  4.18945893e+07  8.40e-06 2.01e-08  8.54e-04  2212s
  80   4.19064547e+07  4.18957672e+07  6.98e-06 1.62e-08  7.03e-04  2221s
  81   4.19060114e+07  4.18961425e+07  6.41e-06 1.50e-08  6.49e-04  2227s
  82   4.19054043e+07  4.18966608e+07  5.66e-06 1.33e-08  5.75e-04  2236s
  83   4.19050184e+07  4.18971101e+07  5.17e-06 1.18e-08  5.20e-04  2244s
  84   4.19041389e+07  4.18974122e+07  4.09e-06 1.08e-08  4.42e-04  2253s
  85   4.19039592e+07  4.18976731e+07  3.86e-06 1.00e-08  4.13e-04  2259s
  86   4.19034753e+07  4.18980957e+07  3.26e-06 8.67e-09  3.54e-04  2268s
  87   4.19031681e+07  4.18984769e+07  2.88e-06 7.43e-09  3.08e-04  2277s
  88   4.19027760e+07  4.18986999e+07  2.40e-06 6.70e-09  2.68e-04  2287s
  89   4.19026463e+07  4.18990343e+07  2.24e-06 5.64e-09  2.37e-04  2296s
  90   4.19024706e+07  4.18992227e+07  2.03e-06 5.04e-09  2.14e-04  2305s
  91   4.19021810e+07  4.18994426e+07  1.67e-06 4.32e-09  1.80e-04  2314s
  92   4.19019934e+07  4.18996070e+07  1.44e-06 3.78e-09  1.57e-04  2324s
  93   4.19018584e+07  4.18997681e+07  1.28e-06 3.26e-09  1.37e-04  2331s
  94   4.19017555e+07  4.18998770e+07  1.15e-06 2.91e-09  1.24e-04  2340s
  95   4.19016981e+07  4.19000812e+07  1.07e-06 2.24e-09  1.06e-04  2349s
  96   4.19015931e+07  4.19001454e+07  9.44e-07 2.04e-09  9.52e-05  2359s
  97   4.19015019e+07  4.19002189e+07  8.34e-07 1.81e-09  8.44e-05  2367s
  98   4.19014283e+07  4.19003017e+07  7.45e-07 1.55e-09  7.41e-05  2377s
  99   4.19013468e+07  4.19003760e+07  6.49e-07 1.31e-09  6.38e-05  2386s
 100   4.19012607e+07  4.19004510e+07  5.46e-07 1.07e-09  5.32e-05  2394s
 101   4.19011930e+07  4.19004893e+07  4.65e-07 9.46e-10  4.63e-05  2403s
 102   4.19011130e+07  4.19005468e+07  3.70e-07 7.62e-10  3.72e-05  2412s
 103   4.19010608e+07  4.19005895e+07  3.08e-07 6.26e-10  3.10e-05  2421s
 104   4.19010203e+07  4.19006328e+07  2.62e-07 4.92e-10  2.55e-05  2430s
 105   4.19009703e+07  4.19006678e+07  2.05e-07 3.81e-10  1.99e-05  2440s
 106   4.19009412e+07  4.19006943e+07  1.71e-07 2.97e-10  1.62e-05  2448s
 107   4.19009194e+07  4.19007078e+07  1.46e-07 2.55e-10  1.39e-05  2458s
 108   4.19008980e+07  4.19007238e+07  1.21e-07 2.04e-10  1.15e-05  2467s
 109   4.19008794e+07  4.19007459e+07  9.91e-08 1.37e-10  8.78e-06  2476s
 110   4.19008630e+07  4.19007603e+07  8.04e-08 9.35e-11  6.75e-06  2485s
 111   4.19008548e+07  4.19007661e+07  7.13e-08 7.49e-11  5.83e-06  2499s
 112   4.19008350e+07  4.19007710e+07  4.93e-08 6.00e-11  4.21e-06  2510s
 113   4.19008256e+07  4.19007762e+07  3.86e-08 4.35e-11  3.25e-06  2524s
 114   4.19008187e+07  4.19007798e+07  3.07e-08 3.26e-11  2.56e-06  2535s
 115   4.19008123e+07  4.19007837e+07  2.63e-08 2.08e-11  1.88e-06  2546s
 116   4.19008071e+07  4.19007852e+07  1.99e-08 1.61e-11  1.44e-06  2560s
 117   4.19008031e+07  4.19007870e+07  1.51e-08 1.27e-11  1.06e-06  2573s
 118   4.19008006e+07  4.19007879e+07  1.17e-08 1.02e-11  8.32e-07  2585s
 119   4.19007985e+07  4.19007884e+07  9.98e-09 1.00e-11  6.59e-07  2596s
 120   4.19007969e+07  4.19007888e+07  8.23e-09 8.41e-12  5.36e-07  2607s
 121   4.19007962e+07  4.19007890e+07  7.14e-09 1.02e-11  4.70e-07  2615s
 122   4.19007953e+07  4.19007895e+07  5.93e-09 7.28e-12  3.77e-07  2626s
 123   4.19007946e+07  4.19007897e+07  5.07e-09 7.28e-12  3.26e-07  2637s
 124   4.19007940e+07  4.19007898e+07  4.25e-09 9.09e-12  2.73e-07  2647s
 125   4.19007932e+07  4.19007899e+07  3.10e-09 1.05e-11  2.13e-07  2658s
 126   4.19007928e+07  4.19007902e+07  2.66e-09 8.87e-12  1.74e-07  2669s
 127   4.19007924e+07  4.19007904e+07  2.14e-09 1.02e-11  1.33e-07  2681s
 128   4.19007921e+07  4.19007905e+07  1.67e-09 7.05e-12  1.03e-07  2691s
 129   4.19007919e+07  4.19007905e+07  1.52e-09 6.59e-12  9.33e-08  2702s
 130   4.19007916e+07  4.19007906e+07  1.12e-09 3.69e-11  6.76e-08  2713s
 131   4.19007914e+07  4.19007907e+07  7.65e-10 1.85e-11  4.51e-08  2724s
 132   4.19007912e+07  4.19007907e+07  4.98e-10 1.71e-11  3.12e-08  2737s
 133   4.19007911e+07  4.19007907e+07  4.04e-10 1.10e-11  2.45e-08  2747s
 134   4.19007910e+07  4.19007908e+07  2.64e-10 3.93e-10  1.60e-08  2757s
 135   4.19007909e+07  4.19007908e+07  5.53e-10 2.06e-10  9.94e-09  2768s
 136   4.19007909e+07  4.19007908e+07  4.24e-10 1.61e-10  7.63e-09  2782s

Barrier solved model in 136 iterations and 2781.73 seconds (1819.80 work units)
Optimal objective 4.19007909e+07


Root crossover log...

 4668855 DPushes remaining with DInf 0.0000000e+00              2786s
  549692 DPushes remaining with DInf 0.0000000e+00              2791s
  170480 DPushes remaining with DInf 0.0000000e+00              2795s
   69245 DPushes remaining with DInf 0.0000000e+00              2801s
   56882 DPushes remaining with DInf 0.0000000e+00              2805s
   36520 DPushes remaining with DInf 0.0000000e+00              2811s
   10456 DPushes remaining with DInf 0.0000000e+00              2816s
       0 DPushes remaining with DInf 0.0000000e+00              2820s

  288758 PPushes remaining with PInf 9.2481013e-01              2821s
  152905 PPushes remaining with PInf 7.3321476e-01              2826s
  130223 PPushes remaining with PInf 6.9384340e-01              2830s
  111380 PPushes remaining with PInf 6.5222367e-01              2836s
  101074 PPushes remaining with PInf 5.9884872e-01              2840s
   51529 PPushes remaining with PInf 3.1155252e+00              2852s
   12117 PPushes remaining with PInf 1.6193920e+01              2863s
    1816 PPushes remaining with PInf 8.7082277e+00              2866s
       0 PPushes remaining with PInf 7.2453946e+00              2867s

  Push phase complete: Pinf 7.2453946e+00, Dinf 2.3137629e+03   2868s


Root simplex log...

Iteration    Objective       Primal Inf.    Dual Inf.      Time
 1706034    4.1900791e+07   0.000000e+00   2.313763e+03   2870s
 1707164    4.1900791e+07   0.000000e+00   3.049581e+02   2871s
 1714796    4.1900791e+07   0.000000e+00   6.209450e+01   2877s
 1717056    4.1900791e+07   0.000000e+00   1.172276e+01   2881s
 1719316    4.1900791e+07   0.000000e+00   2.357634e+00   2887s
 1728433    4.1900791e+07   4.735127e+00   0.000000e+00   2892s
 1728487    4.1900791e+07   0.000000e+00   0.000000e+00   2897s
 1728487    4.1900791e+07   0.000000e+00   0.000000e+00   2901s
Concurrent spin time: 1.22s

Solved with barrier

Root relaxation: objective 4.190079e+07, 1728487 iterations, 1527.56 seconds (963.66 work units)

    Nodes    |    Current Node    |     Objective Bounds      |     Work
 Expl Unexpl |  Obj  Depth IntInf | Incumbent    BestBd   Gap | It/Node Time

*    0     0               0    4.190079e+07 4.1901e+07  0.00%     - 2902s

Explored 1 nodes (1728487 simplex iterations) in 2904.16 seconds (2023.71 work units)
Thread count was 24 (of 24 available processors)

Solution count 1: 4.19008e+07 

Optimal solution found (tolerance 1.00e-04)
Best objective 4.190079081363e+07, best bound 4.190079081363e+07, gap 0.0000%

User-callback calls 102458, time in user-callback 0.20 sec

Objective value for stoch: 41900790.814
Energy capacity invested in stoch:
2-dimensional DenseAxisArray{Float64,2,...} with index sets:
    Dimension 1, [11.0, 12.0, 13.0, 14.0, 15.0, 16.0, 17.0, 18.0, 19.0, 20.0  …  306.0, 307.0, 308.0, 321.0, 324.0, 335.0, 336.0, 337.0, 339.0, 340.0]
    Dimension 2, [1, 2, 3, 4, 5]
And data, a 214×5 Array{Float64,2}:
 100000.0  100000.0  100000.0  100000.0  100000.0
 100000.0  100000.0  100000.0  100000.0  100000.0
 100000.0  100000.0  100000.0  100000.0  100000.0
 100000.0  100000.0  100000.0  100000.0  100000.0
 100000.0  100000.0  100000.0  100000.0  100000.0
 100000.0  100000.0  100000.0  100000.0  100000.0
 100000.0  100000.0  100000.0  100000.0  100000.0
 100000.0  100000.0  100000.0  100000.0  100000.0
 100000.0  100000.0  100000.0  100000.0  100000.0
 100000.0  100000.0  100000.0  100000.0  100000.0
 100000.0  100000.0  100000.0  100000.0  100000.0
 100000.0  100000.0  100000.0  100000.0  100000.0
 100000.0  100000.0  100000.0  100000.0  100000.0
 100000.0  100000.0  100000.0  100000.0  100000.0
 100000.0  100000.0  100000.0  100000.0  100000.0
 100000.0  100000.0  100000.0  100000.0  100000.0
 100000.0  100000.0  100000.0  100000.0  100000.0
 100000.0  100000.0  100000.0  100000.0  100000.0
 100000.0  100000.0  100000.0  100000.0  100000.0
 100000.0  100000.0  100000.0  100000.0  100000.0
 100000.0  100000.0  100000.0  100000.0  100000.0
 100000.0  100000.0  100000.0  100000.0  100000.0
 100000.0  100000.0  100000.0  100000.0  100000.0
 100000.0  100000.0  100000.0  100000.0  100000.0
 100000.0  100000.0  100000.0  100000.0  100000.0
 100000.0  100000.0  100000.0  100000.0  100000.0
 100000.0  100000.0  100000.0  100000.0  100000.0
 100000.0  100000.0  100000.0  100000.0  100000.0
 100000.0  100000.0  100000.0  100000.0  100000.0
 100000.0  100000.0  100000.0  100000.0  100000.0
 100000.0  100000.0  100000.0  100000.0  100000.0
 100000.0  100000.0  100000.0  100000.0  100000.0
 100000.0  100000.0  100000.0  100000.0  100000.0
 100000.0  100000.0  100000.0  100000.0  100000.0
 100000.0  100000.0  100000.0  100000.0  100000.0
 100000.0  100000.0  100000.0  100000.0  100000.0
 100000.0  100000.0  100000.0  100000.0  100000.0
 100000.0  100000.0  100000.0  100000.0  100000.0
 100000.0  100000.0  100000.0  100000.0  100000.0
 100000.0  100000.0  100000.0  100000.0  100000.0
 100000.0  100000.0  100000.0  100000.0  100000.0
 100000.0  100000.0  100000.0  100000.0  100000.0
 100000.0  100000.0  100000.0  100000.0  100000.0
 100000.0  100000.0  100000.0  100000.0  100000.0
 100000.0  100000.0  100000.0  100000.0  100000.0
 100000.0  100000.0  100000.0  100000.0  100000.0
 100000.0  100000.0  100000.0  100000.0  100000.0
 100000.0  100000.0  100000.0  100000.0  100000.0
 100000.0  100000.0  100000.0  100000.0  100000.0
 100000.0  100000.0  100000.0  100000.0  100000.0
 100000.0  100000.0  100000.0  100000.0  100000.0
 100000.0  100000.0  100000.0  100000.0  100000.0
 100000.0  100000.0  100000.0  100000.0  100000.0
 100000.0  100000.0  100000.0  100000.0  100000.0
 100000.0  100000.0  100000.0  100000.0  100000.0
 100000.0  100000.0  100000.0  100000.0  100000.0
 100000.0  100000.0  100000.0  100000.0  100000.0
 100000.0  100000.0  100000.0  100000.0  100000.0
 100000.0  100000.0  100000.0  100000.0  100000.0
 100000.0  100000.0  100000.0  100000.0  100000.0
 100000.0  100000.0  100000.0  100000.0  100000.0
 100000.0  100000.0  100000.0  100000.0  100000.0
 100000.0  100000.0  100000.0  100000.0  100000.0
 100000.0  100000.0  100000.0  100000.0  100000.0
 100000.0  100000.0  100000.0  100000.0  100000.0
 100000.0  100000.0  100000.0  100000.0  100000.0
 100000.0  100000.0  100000.0  100000.0  100000.0
 100000.0  100000.0  100000.0  100000.0  100000.0
 100000.0  100000.0  100000.0  100000.0  100000.0
 100000.0  100000.0  100000.0  100000.0  100000.0
 100000.0  100000.0  100000.0  100000.0  100000.0
 100000.0  100000.0  100000.0  100000.0  100000.0
 100000.0  100000.0  100000.0  100000.0  100000.0
 100000.0  100000.0  100000.0  100000.0  100000.0
 100000.0  100000.0  100000.0  100000.0  100000.0
 100000.0  100000.0  100000.0  100000.0  100000.0
 100000.0  100000.0  100000.0  100000.0  100000.0
 100000.0  100000.0  100000.0  100000.0  100000.0
 100000.0  100000.0  100000.0  100000.0  100000.0
 100000.0  100000.0  100000.0  100000.0  100000.0
 100000.0  100000.0  100000.0  100000.0  100000.0
 100000.0  100000.0  100000.0  100000.0  100000.0
 100000.0  100000.0  100000.0  100000.0  100000.0
 100000.0  100000.0  100000.0  100000.0  100000.0
 100000.0  100000.0  100000.0  100000.0  100000.0
 100000.0  100000.0  100000.0  100000.0  100000.0
 100000.0  100000.0  100000.0  100000.0  100000.0
 100000.0  100000.0  100000.0  100000.0  100000.0
 100000.0  100000.0  100000.0  100000.0  100000.0
 100000.0  100000.0  100000.0  100000.0  100000.0
 100000.0  100000.0  100000.0  100000.0  100000.0
 100000.0  100000.0  100000.0  100000.0  100000.0
 100000.0  100000.0  100000.0  100000.0  100000.0
 100000.0  100000.0  100000.0  100000.0  100000.0
 100000.0  100000.0  100000.0  100000.0  100000.0
 100000.0  100000.0  100000.0  100000.0  100000.0
 100000.0  100000.0  100000.0  100000.0  100000.0
 100000.0  100000.0  100000.0  100000.0  100000.0
 100000.0  100000.0  100000.0  100000.0  100000.0
 100000.0  100000.0  100000.0  100000.0  100000.0
 100000.0  100000.0  100000.0  100000.0  100000.0
 100000.0  100000.0  100000.0  100000.0  100000.0
 100000.0  100000.0  100000.0  100000.0  100000.0
 100000.0  100000.0  100000.0  100000.0  100000.0
 100000.0  100000.0  100000.0  100000.0  100000.0
 100000.0  100000.0  100000.0  100000.0  100000.0
 100000.0  100000.0  100000.0  100000.0  100000.0
 100000.0  100000.0  100000.0  100000.0  100000.0
 100000.0  100000.0  100000.0  100000.0  100000.0
 100000.0  100000.0  100000.0  100000.0  100000.0
 100000.0  100000.0  100000.0  100000.0  100000.0
 100000.0  100000.0  100000.0  100000.0  100000.0
 100000.0  100000.0  100000.0  100000.0  100000.0
 100000.0  100000.0  100000.0  100000.0  100000.0
 100000.0  100000.0  100000.0  100000.0  100000.0
 100000.0  100000.0  100000.0  100000.0  100000.0
 100000.0  100000.0  100000.0  100000.0  100000.0
 100000.0  100000.0  100000.0  100000.0  100000.0
 100000.0  100000.0  100000.0  100000.0  100000.0
 100000.0  100000.0  100000.0  100000.0  100000.0
 100000.0  100000.0  100000.0  100000.0  100000.0
 100000.0  100000.0  100000.0  100000.0  100000.0
 100000.0  100000.0  100000.0  100000.0  100000.0
 100000.0  100000.0  100000.0  100000.0  100000.0
 100000.0  100000.0  100000.0  100000.0  100000.0
 100000.0  100000.0  100000.0  100000.0  100000.0
 100000.0  100000.0  100000.0  100000.0  100000.0
 100000.0  100000.0  100000.0  100000.0  100000.0
 100000.0  100000.0  100000.0  100000.0  100000.0
 100000.0  100000.0  100000.0  100000.0  100000.0
 100000.0  100000.0  100000.0  100000.0  100000.0
 100000.0  100000.0  100000.0  100000.0  100000.0
 100000.0  100000.0  100000.0  100000.0  100000.0
 100000.0  100000.0  100000.0  100000.0  100000.0
 100000.0  100000.0  100000.0  100000.0  100000.0
 100000.0  100000.0  100000.0  100000.0  100000.0
 100000.0  100000.0  100000.0  100000.0  100000.0
 100000.0  100000.0  100000.0  100000.0  100000.0
 100000.0  100000.0  100000.0  100000.0  100000.0
 100000.0  100000.0  100000.0  100000.0  100000.0
 100000.0  100000.0  100000.0  100000.0  100000.0
 100000.0  100000.0  100000.0  100000.0  100000.0
 100000.0  100000.0  100000.0  100000.0  100000.0
 100000.0  100000.0  100000.0  100000.0  100000.0
 100000.0  100000.0  100000.0  100000.0  100000.0
 100000.0  100000.0  100000.0  100000.0  100000.0
 100000.0  100000.0  100000.0  100000.0  100000.0
 100000.0  100000.0  100000.0  100000.0  100000.0
 100000.0  100000.0  100000.0  100000.0  100000.0
 100000.0  100000.0  100000.0  100000.0  100000.0
 100000.0  100000.0  100000.0  100000.0  100000.0
 100000.0  100000.0  100000.0  100000.0  100000.0
 100000.0  100000.0  100000.0  100000.0  100000.0
 100000.0  100000.0  100000.0  100000.0  100000.0
 100000.0  100000.0  100000.0  100000.0  100000.0
 100000.0  100000.0  100000.0  100000.0  100000.0
 100000.0  100000.0  100000.0  100000.0  100000.0
 100000.0  100000.0  100000.0  100000.0  100000.0
 100000.0  100000.0  100000.0  100000.0  100000.0
 100000.0  100000.0  100000.0  100000.0  100000.0
 100000.0  100000.0  100000.0  100000.0  100000.0
 100000.0  100000.0  100000.0  100000.0  100000.0
 100000.0  100000.0  100000.0  100000.0  100000.0
 100000.0  100000.0  100000.0  100000.0  100000.0
 100000.0  100000.0  100000.0  100000.0  100000.0
 100000.0  100000.0  100000.0  100000.0  100000.0
 100000.0  100000.0  100000.0  100000.0  100000.0
 100000.0  100000.0  100000.0  100000.0  100000.0
 100000.0  100000.0  100000.0  100000.0  100000.0
 100000.0  100000.0  100000.0  100000.0  100000.0
 100000.0  100000.0  100000.0  100000.0  100000.0
 100000.0  100000.0  100000.0  100000.0  100000.0
 100000.0  100000.0  100000.0  100000.0  100000.0
 100000.0  100000.0  100000.0  100000.0  100000.0
 100000.0  100000.0  100000.0  100000.0  100000.0
 100000.0  100000.0  100000.0  100000.0  100000.0
 100000.0  100000.0  100000.0  100000.0  100000.0
 100000.0  100000.0  100000.0  100000.0  100000.0
 100000.0  100000.0  100000.0  100000.0  100000.0
 100000.0  100000.0  100000.0  100000.0  100000.0
 100000.0  100000.0  100000.0  100000.0  100000.0
 100000.0  100000.0  100000.0  100000.0  100000.0
 100000.0  100000.0  100000.0  100000.0  100000.0
 100000.0  100000.0  100000.0  100000.0  100000.0
 100000.0  100000.0  100000.0  100000.0  100000.0
 100000.0  100000.0  100000.0  100000.0  100000.0
 100000.0  100000.0  100000.0  100000.0  100000.0
 100000.0  100000.0  100000.0  100000.0  100000.0
 100000.0  100000.0  100000.0  100000.0  100000.0
 100000.0  100000.0  100000.0  100000.0  100000.0
 100000.0  100000.0  100000.0  100000.0  100000.0
 100000.0  100000.0  100000.0  100000.0  100000.0
 100000.0  100000.0  100000.0  100000.0  100000.0
 100000.0  100000.0  100000.0  100000.0  100000.0
 100000.0  100000.0  100000.0  100000.0  100000.0
 100000.0  100000.0  100000.0  100000.0  100000.0
 100000.0  100000.0  100000.0  100000.0  100000.0
 100000.0  100000.0  100000.0  100000.0  100000.0
 100000.0  100000.0  100000.0  100000.0  100000.0
 100000.0  100000.0  100000.0  100000.0  100000.0
 100000.0  100000.0  100000.0  100000.0  100000.0
 100000.0  100000.0  100000.0  100000.0  100000.0
 100000.0  100000.0  100000.0  100000.0  100000.0
 100000.0  100000.0  100000.0  100000.0  100000.0
 100000.0  100000.0  100000.0  100000.0  100000.0
 100000.0  100000.0  100000.0  100000.0  100000.0
 100000.0  100000.0  100000.0  100000.0  100000.0
 100000.0  100000.0  100000.0  100000.0  100000.0
 100000.0  100000.0  100000.0  100000.0  100000.0
 100000.0  100000.0  100000.0  100000.0  100000.0
 100000.0  100000.0  100000.0  100000.0  100000.0
 100000.0  100000.0  100000.0  100000.0  100000.0
 100000.0  100000.0  100000.0  100000.0  100000.0
 100000.0  100000.0  100000.0  100000.0  100000.0
Power capacity invested in stoch:
2-dimensional DenseAxisArray{Float64,2,...} with index sets:
    Dimension 1, [11.0, 12.0, 13.0, 14.0, 15.0, 16.0, 17.0, 18.0, 19.0, 20.0  …  306.0, 307.0, 308.0, 321.0, 324.0, 335.0, 336.0, 337.0, 339.0, 340.0]
    Dimension 2, [1, 2, 3, 4, 5]
And data, a 214×5 Array{Float64,2}:
   0.0                 0.0  0.0  0.0    0.0
   0.0                 0.0  0.0  0.0    0.0
   0.0                 0.0  0.0  0.0    0.0
   0.0                 0.0  0.0  0.0    0.0
   0.0                 0.0  0.0  0.0    0.0
   0.0                 0.0  0.0  0.0    0.0
   0.0                 0.0  0.0  0.0    0.0
   0.0                 0.0  0.0  0.0    0.0
   0.0                 0.0  0.0  0.0    0.0
   0.0                 0.0  0.0  0.0    0.0
   0.0                 0.0  0.0  0.0    0.0
   0.0                 0.0  0.0  0.0    0.0
   0.0                 0.0  0.0  0.0    0.0
   0.0                 0.0  0.0  0.0    0.0
   0.0                 0.0  0.0  0.0    0.0
   0.0                 0.0  0.0  0.0    0.0
   0.0                 0.0  0.0  0.0    0.0
   0.0                 0.0  0.0  0.0    0.0
   0.0                 0.0  0.0  0.0    0.0
   0.0                 0.0  0.0  0.0    0.0
   0.0                 0.0  0.0  0.0    0.0
   0.0                 0.0  0.0  0.0    0.0
   0.0                 0.0  0.0  0.0    0.0
   0.0                 0.0  0.0  0.0    0.0
   0.0                 0.0  0.0  0.0    0.0
   0.0                 0.0  0.0  0.0    0.0
   0.0                 0.0  0.0  0.0    0.0
   0.0                 0.0  0.0  0.0    0.0
   0.0                 0.0  0.0  0.0    0.0
   0.0                 0.0  0.0  0.0    0.0
   0.0                 0.0  0.0  0.0    0.0
   0.0                 0.0  0.0  0.0    0.0
   0.0                 0.0  0.0  0.0    0.0
   0.0                 0.0  0.0  0.0    0.0
   0.0                 0.0  0.0  0.0    0.0
   0.0                 0.0  0.0  0.0    0.0
   0.0                 0.0  0.0  0.0    0.0
   0.0                 0.0  0.0  0.0    0.0
   0.0                 0.0  0.0  0.0    0.0
   0.0                 0.0  0.0  0.0   10.452785470035268
   0.0                 0.0  0.0  0.0    0.0
   0.0                 0.0  0.0  0.0    0.0
   0.0                 0.0  0.0  0.0    0.0
  59.86379458362119    0.0  0.0  0.0   61.351380450991165
   0.0                 0.0  0.0  0.0    0.0
   0.0                 0.0  0.0  0.0    0.0
   0.0                 0.0  0.0  0.0    0.0
   0.0                 0.0  0.0  0.0    0.0
   0.0                 0.0  0.0  0.0    0.0
   0.0                 0.0  0.0  0.0    0.0
   7.384573301906795   0.0  0.0  0.0    5.679463432383812
  25.470243746491356   0.0  0.0  0.0   15.685739893335978
   0.0                 0.0  0.0  0.0    0.0
   8.78371177147459    0.0  0.0  0.0    2.284336316598247
   0.0                 0.0  0.0  0.0    0.0
   0.0                 0.0  0.0  0.0    0.0
   0.0                 0.0  0.0  0.0    0.0
  17.420270310492235   0.0  0.0  0.0   14.581012975262011
   0.0                 0.0  0.0  0.0    0.0
   0.0                 0.0  0.0  0.0    3.7409325100102904
  19.822045920185463   0.0  0.0  0.0   19.61666524888852
   0.0                 0.0  0.0  0.0    6.361234685294171
   9.009507583990555   0.0  0.0  0.0    4.952648124684449
   0.0                 0.0  0.0  0.0    0.0
   0.0                 0.0  0.0  0.0    0.0
   0.0                 0.0  0.0  0.0    0.0
   9.390063646641023   0.0  0.0  0.0    7.052181560685341
   0.0                 0.0  0.0  0.0    0.0
   0.0                 0.0  0.0  0.0    0.0
   0.0                 0.0  0.0  0.0    1.3647881989832968
   0.0                 0.0  0.0  0.0    0.0
   0.0                 0.0  0.0  0.0    0.0
   0.0                 0.0  0.0  0.0    0.0
   0.0                 0.0  0.0  0.0    0.0
   0.0                 0.0  0.0  0.0    0.0
   0.0                 0.0  0.0  0.0    0.0
   0.0                 0.0  0.0  0.0    0.0
   0.0                 0.0  0.0  0.0    0.0
   0.0                 0.0  0.0  0.0    3.2391735647127406
   0.0                 0.0  0.0  0.0    0.0
   0.0                 0.0  0.0  0.0    0.0
   0.0                 0.0  0.0  0.0    0.0
   0.0                 0.0  0.0  0.0    0.0
  35.96752413993709    0.0  0.0  0.0   33.04101913358034
   0.0                 0.0  0.0  0.0   12.223334335786804
   0.0                 0.0  0.0  0.0    0.0
   0.0                 0.0  0.0  0.0    1.1397136402007533
   4.555468188849128   0.0  0.0  0.0    0.0
   0.0                 0.0  0.0  0.0    9.512504723795884
   0.0                 0.0  0.0  0.0    0.0
   0.0                 0.0  0.0  0.0    0.0
   0.0                 0.0  0.0  0.0    0.0
   0.0                 0.0  0.0  0.0    0.0
   0.0                 0.0  0.0  0.0    6.868714599219953
  63.66636116966293    0.0  0.0  0.0   37.22088496806355
  27.5523818094236     0.0  0.0  0.0    9.000332693763426
   0.0                 0.0  0.0  0.0    0.0
   0.0                 0.0  0.0  0.0    0.0
   5.009097153406744   0.0  0.0  0.0    0.0
  13.735305607892196   0.0  0.0  0.0   15.172771624633882
   0.0                 0.0  0.0  0.0    0.0
   0.0                 0.0  0.0  0.0    0.0
   0.0                 0.0  0.0  0.0    0.0
   0.0                 0.0  0.0  0.0    0.0
   0.0                 0.0  0.0  0.0    0.0
   0.0                 0.0  0.0  0.0    0.0
   0.0                 0.0  0.0  0.0    0.0
   0.0                 0.0  0.0  0.0    0.0
   0.0                 0.0  0.0  0.0    0.0
   0.0                 0.0  0.0  0.0    0.0
   0.0                 0.0  0.0  0.0    0.6792875447760895
   0.0                 0.0  0.0  0.0    0.0
   0.0                 0.0  0.0  0.0    0.0
   0.0                 0.0  0.0  0.0    0.0
   0.0                 0.0  0.0  0.0    0.0
   0.0                 0.0  0.0  0.0    0.0
   0.0                 0.0  0.0  0.0    0.0
 121.98576567972103    0.0  0.0  0.0  159.41385123577527
   0.0                 0.0  0.0  0.0    0.0
   0.0                 0.0  0.0  0.0    0.0
  11.689978291890757   0.0  0.0  0.0   17.27398006465528
   0.0                 0.0  0.0  0.0    0.0
   0.0                 0.0  0.0  0.0    0.0
   0.0                 0.0  0.0  0.0    0.0
   0.0                 0.0  0.0  0.0    0.0
   0.0                 0.0  0.0  0.0    0.0
   0.0                 0.0  0.0  0.0    0.0
   0.0                 0.0  0.0  0.0    0.0
   0.0                 0.0  0.0  0.0    0.0
  99.12908987026226    0.0  0.0  0.0   84.35705699421914
  21.538798300837602   0.0  0.0  0.0   35.874650629265474
  52.65204932639514    0.0  0.0  0.0   48.34772241532168
  29.5041646026313     0.0  0.0  0.0   21.93909755429953
 117.61087483879119    0.0  0.0  0.0   83.49127182920925
   0.0                 0.0  0.0  0.0    0.0
  81.5408566517337     0.0  0.0  0.0    0.0
  15.185483682913027   0.0  0.0  0.0   21.565567345800847
 269.60222362866926    0.0  0.0  0.0  222.77667749656297
   0.0                 0.0  0.0  0.0    0.0
   0.0                 0.0  0.0  0.0    0.0
   0.0                 0.0  0.0  0.0    0.0
  32.56360761636766    0.0  0.0  0.0   34.257150938608355
   0.0                 0.0  0.0  0.0    3.726004952111752
  17.627677750174257   0.0  0.0  0.0   42.059608732574574
  10.705495174593885   0.0  0.0  0.0   16.244923386185693
   0.0                 0.0  0.0  0.0    0.0
  10.138563927865597   0.0  0.0  0.0    0.8667830944731362
   8.91614357140606    0.0  0.0  0.0    3.349902436700919
   0.0                 0.0  0.0  0.0    0.0
   7.494046566161811   0.0  0.0  0.0    0.0
  29.292810461708765   0.0  0.0  0.0   18.347519269059486
   0.0                 0.0  0.0  0.0    0.0
  44.29490763578829    0.0  0.0  0.0   23.600800824919983
 108.22862854742323    0.0  0.0  0.0  104.97053590289015
   0.0                 0.0  0.0  0.0    0.0
   0.0                 0.0  0.0  0.0    0.0
   0.0                 0.0  0.0  0.0    0.0
   0.0                 0.0  0.0  0.0    0.0
  23.641963593975852   0.0  0.0  0.0   38.130631415186045
  39.02048809966829    0.0  0.0  0.0   20.38920039999603
   0.0                 0.0  0.0  0.0   30.22496851125846
  99.84849986002973    0.0  0.0  0.0   67.46212385328613
 103.72804588595037    0.0  0.0  0.0   27.281144144167914
   0.0                 0.0  0.0  0.0    0.0
  16.62702283438287    0.0  0.0  0.0   29.8956956443888
  68.34927874517649    0.0  0.0  0.0   58.199036384098314
   0.0                 0.0  0.0  0.0    0.4287853489448359
  36.423847080788704   0.0  0.0  0.0   24.34769810812624
   0.0                 0.0  0.0  0.0    0.0
   0.0                 0.0  0.0  0.0    0.0
   0.0                 0.0  0.0  0.0    0.0
   0.0                 0.0  0.0  0.0    0.0
  42.179387765456916   0.0  0.0  0.0   40.377086275554106
  57.7990951297887     0.0  0.0  0.0   79.2379796890231
  29.56681271068697    0.0  0.0  0.0   30.360510852963454
  48.17325633974105    0.0  0.0  0.0   26.325469180074975
   0.0                 0.0  0.0  0.0    0.0
  96.45266801759303    0.0  0.0  0.0   41.014008542803474
   0.0                 0.0  0.0  0.0    0.0
  44.87306645822927    0.0  0.0  0.0   47.21753844126963
  99.09506972173715    0.0  0.0  0.0   94.10740711326972
  25.331015526910566   0.0  0.0  0.0    0.0
  17.418279314134082   0.0  0.0  0.0   16.288179235334024
  30.28720787250518    0.0  0.0  0.0   22.39646922953246
  38.33518833063176    0.0  0.0  0.0    4.820594402669134
   0.0                 0.0  0.0  0.0    0.0
  24.90691408202349    0.0  0.0  0.0   23.510394330756398
  12.654135217784921   0.0  0.0  0.0    7.997772282867845
   0.0                 0.0  0.0  0.0    0.0
  54.92017705509838    0.0  0.0  0.0   56.91087452077176
  35.7402637474085     0.0  0.0  0.0   29.09219197386269
   0.0                 0.0  0.0  0.0    0.0
  61.23168119781762    0.0  0.0  0.0    7.762983779941132
  35.99752322852977    0.0  0.0  0.0   59.00936661384289
   0.0                 0.0  0.0  0.0    0.0
  31.50847426863152    0.0  0.0  0.0   25.026211898195225
  39.02048809966829    0.0  0.0  0.0   30.034669307638218
  46.326841652843456   0.0  0.0  0.0   40.730709196152766
  42.179387765456916   0.0  0.0  0.0  102.33717956805447
  47.22466130790866    0.0  0.0  0.0   33.54333303917439
   0.0                 0.0  0.0  0.0    0.0
   0.0                 0.0  0.0  0.0    0.0
   0.0                 0.0  0.0  0.0    0.0
  19.099883528427306   0.0  0.0  0.0   28.125490691234283
  54.89724892744618    0.0  0.0  0.0   36.9857673082234
  31.67241068107709    0.0  0.0  0.0   32.495446367972086
   0.0                 0.0  0.0  0.0    6.781367023515367
  16.006399367550642   0.0  0.0  0.0    0.0
   0.0                 0.0  0.0  0.0    0.0
  93.1098709012992     0.0  0.0  0.0   53.53401151216946
  30.473785211492007   0.0  0.0  0.0   24.620905205940485
   0.0                 0.0  0.0  0.0    0.0
   2.9057970963674222  0.0  0.0  0.0    9.72130726944734
  27.122760456754072   0.0  0.0  0.0   17.977721867582268
Time steps with simultaneous charge and discharge: stoch
Charge or Dischrage when there is no investment - stoch
Time steps with simultaneous network flow: stoch
